[debug] [2022-11-20T19:23:53.526Z] ----------------------------------------------------------------------
[debug] [2022-11-20T19:23:53.531Z] Command:       C:\Program Files\nodejs\node.exe C:\Users\Saurabh\AppData\Roaming\npm\node_modules\firebase-tools\lib\bin\firebase.js deploy
[debug] [2022-11-20T19:23:53.532Z] CLI Version:   11.9.0
[debug] [2022-11-20T19:23:53.532Z] Platform:      win32
[debug] [2022-11-20T19:23:53.532Z] Node Version:  v16.17.0
[debug] [2022-11-20T19:23:53.534Z] Time:          Mon Nov 21 2022 00:53:53 GMT+0530 (India Standard Time)
[debug] [2022-11-20T19:23:53.535Z] ----------------------------------------------------------------------
[debug] 
[debug] [2022-11-20T19:23:53.703Z] > command requires scopes: ["email","openid","https://www.googleapis.com/auth/cloudplatformprojects.readonly","https://www.googleapis.com/auth/firebase","https://www.googleapis.com/auth/cloud-platform"]
[debug] [2022-11-20T19:23:53.704Z] > authorizing via signed-in user (rsaurabh221@gmail.com)
[debug] [2022-11-20T19:23:53.704Z] [iam] checking project pixidesk-4637f for permissions ["cloudfunctions.functions.create","cloudfunctions.functions.delete","cloudfunctions.functions.get","cloudfunctions.functions.list","cloudfunctions.functions.update","cloudfunctions.operations.get","firebase.projects.get","firebasehosting.sites.update"]
[debug] [2022-11-20T19:23:53.710Z] >>> [apiv2][query] POST https://cloudresourcemanager.googleapis.com/v1/projects/pixidesk-4637f:testIamPermissions [none]
[debug] [2022-11-20T19:23:53.711Z] >>> [apiv2][(partial)header] POST https://cloudresourcemanager.googleapis.com/v1/projects/pixidesk-4637f:testIamPermissions x-goog-quota-user=projects/pixidesk-4637f
[debug] [2022-11-20T19:23:53.711Z] >>> [apiv2][body] POST https://cloudresourcemanager.googleapis.com/v1/projects/pixidesk-4637f:testIamPermissions {"permissions":["cloudfunctions.functions.create","cloudfunctions.functions.delete","cloudfunctions.functions.get","cloudfunctions.functions.list","cloudfunctions.functions.update","cloudfunctions.operations.get","firebase.projects.get","firebasehosting.sites.update"]}
[debug] [2022-11-20T19:23:56.281Z] <<< [apiv2][status] POST https://cloudresourcemanager.googleapis.com/v1/projects/pixidesk-4637f:testIamPermissions 200
[debug] [2022-11-20T19:23:56.282Z] <<< [apiv2][body] POST https://cloudresourcemanager.googleapis.com/v1/projects/pixidesk-4637f:testIamPermissions {"permissions":["cloudfunctions.functions.create","cloudfunctions.functions.delete","cloudfunctions.functions.get","cloudfunctions.functions.list","cloudfunctions.functions.update","cloudfunctions.operations.get","firebase.projects.get","firebasehosting.sites.update"]}
[debug] [2022-11-20T19:23:56.283Z] >>> [apiv2][query] POST https://iam.googleapis.com/v1/projects/pixidesk-4637f/serviceAccounts/pixidesk-4637f@appspot.gserviceaccount.com:testIamPermissions [none]
[debug] [2022-11-20T19:23:56.283Z] >>> [apiv2][body] POST https://iam.googleapis.com/v1/projects/pixidesk-4637f/serviceAccounts/pixidesk-4637f@appspot.gserviceaccount.com:testIamPermissions {"permissions":["iam.serviceAccounts.actAs"]}
[debug] [2022-11-20T19:23:57.907Z] <<< [apiv2][status] POST https://iam.googleapis.com/v1/projects/pixidesk-4637f/serviceAccounts/pixidesk-4637f@appspot.gserviceaccount.com:testIamPermissions 200
[debug] [2022-11-20T19:23:57.907Z] <<< [apiv2][body] POST https://iam.googleapis.com/v1/projects/pixidesk-4637f/serviceAccounts/pixidesk-4637f@appspot.gserviceaccount.com:testIamPermissions {"permissions":["iam.serviceAccounts.actAs"]}
[debug] [2022-11-20T19:23:57.908Z] >>> [apiv2][query] GET https://firebase.googleapis.com/v1beta1/projects/pixidesk-4637f [none]
[debug] [2022-11-20T19:23:58.606Z] <<< [apiv2][status] GET https://firebase.googleapis.com/v1beta1/projects/pixidesk-4637f 200
[debug] [2022-11-20T19:23:58.606Z] <<< [apiv2][body] GET https://firebase.googleapis.com/v1beta1/projects/pixidesk-4637f {"projectId":"pixidesk-4637f","projectNumber":"170405136857","displayName":"pixidesk","name":"projects/pixidesk-4637f","resources":{"hostingSite":"pixidesk-4637f","storageBucket":"pixidesk-4637f.appspot.com","locationId":"asia-south1"},"state":"ACTIVE","etag":"1_36c1a5fe-5a54-4eb2-93a8-16d104fcf469"}
[info] 
[info] === Deploying to 'pixidesk-4637f'...
[info] 
[info] i  deploying functions, hosting 
[debug] [2022-11-20T19:23:58.612Z] >>> [apiv2][query] GET https://firebase.googleapis.com/v1beta1/projects/pixidesk-4637f [none]
[debug] [2022-11-20T19:23:59.348Z] <<< [apiv2][status] GET https://firebase.googleapis.com/v1beta1/projects/pixidesk-4637f 200
[debug] [2022-11-20T19:23:59.348Z] <<< [apiv2][body] GET https://firebase.googleapis.com/v1beta1/projects/pixidesk-4637f {"projectId":"pixidesk-4637f","projectNumber":"170405136857","displayName":"pixidesk","name":"projects/pixidesk-4637f","resources":{"hostingSite":"pixidesk-4637f","storageBucket":"pixidesk-4637f.appspot.com","locationId":"asia-south1"},"state":"ACTIVE","etag":"1_36c1a5fe-5a54-4eb2-93a8-16d104fcf469"}
[info] i  functions: ensuring required API cloudfunctions.googleapis.com is enabled... 
[info] i  functions: ensuring required API cloudbuild.googleapis.com is enabled... 
[info] i  artifactregistry: ensuring required API artifactregistry.googleapis.com is enabled... 
[debug] [2022-11-20T19:23:59.353Z] >>> [apiv2][query] GET https://serviceusage.googleapis.com/v1/projects/pixidesk-4637f/services/cloudfunctions.googleapis.com [none]
[debug] [2022-11-20T19:23:59.355Z] >>> [apiv2][query] GET https://serviceusage.googleapis.com/v1/projects/pixidesk-4637f/services/runtimeconfig.googleapis.com [none]
[debug] [2022-11-20T19:23:59.356Z] >>> [apiv2][query] GET https://serviceusage.googleapis.com/v1/projects/pixidesk-4637f/services/cloudbuild.googleapis.com [none]
[debug] [2022-11-20T19:23:59.358Z] >>> [apiv2][query] GET https://serviceusage.googleapis.com/v1/projects/pixidesk-4637f/services/artifactregistry.googleapis.com [none]
[debug] [2022-11-20T19:24:01.302Z] <<< [apiv2][status] GET https://serviceusage.googleapis.com/v1/projects/pixidesk-4637f/services/runtimeconfig.googleapis.com 200
[debug] [2022-11-20T19:24:01.302Z] <<< [apiv2][body] GET https://serviceusage.googleapis.com/v1/projects/pixidesk-4637f/services/runtimeconfig.googleapis.com [omitted]
[debug] [2022-11-20T19:24:01.317Z] <<< [apiv2][status] GET https://serviceusage.googleapis.com/v1/projects/pixidesk-4637f/services/cloudbuild.googleapis.com 200
[debug] [2022-11-20T19:24:01.317Z] <<< [apiv2][body] GET https://serviceusage.googleapis.com/v1/projects/pixidesk-4637f/services/cloudbuild.googleapis.com [omitted]
[info] +  functions: required API cloudbuild.googleapis.com is enabled 
[debug] [2022-11-20T19:24:01.321Z] <<< [apiv2][status] GET https://serviceusage.googleapis.com/v1/projects/pixidesk-4637f/services/artifactregistry.googleapis.com 200
[debug] [2022-11-20T19:24:01.321Z] <<< [apiv2][body] GET https://serviceusage.googleapis.com/v1/projects/pixidesk-4637f/services/artifactregistry.googleapis.com [omitted]
[info] +  artifactregistry: required API artifactregistry.googleapis.com is enabled 
[debug] [2022-11-20T19:24:01.324Z] <<< [apiv2][status] GET https://serviceusage.googleapis.com/v1/projects/pixidesk-4637f/services/cloudfunctions.googleapis.com 200
[debug] [2022-11-20T19:24:01.324Z] <<< [apiv2][body] GET https://serviceusage.googleapis.com/v1/projects/pixidesk-4637f/services/cloudfunctions.googleapis.com [omitted]
[info] +  functions: required API cloudfunctions.googleapis.com is enabled 
[debug] [2022-11-20T19:24:01.326Z] >>> [apiv2][query] GET https://firebase.googleapis.com/v1beta1/projects/pixidesk-4637f/adminSdkConfig [none]
[debug] [2022-11-20T19:24:01.996Z] <<< [apiv2][status] GET https://firebase.googleapis.com/v1beta1/projects/pixidesk-4637f/adminSdkConfig 200
[debug] [2022-11-20T19:24:01.996Z] <<< [apiv2][body] GET https://firebase.googleapis.com/v1beta1/projects/pixidesk-4637f/adminSdkConfig {"projectId":"pixidesk-4637f","storageBucket":"pixidesk-4637f.appspot.com","locationId":"asia-south1"}
[debug] [2022-11-20T19:24:01.996Z] >>> [apiv2][query] GET https://runtimeconfig.googleapis.com/v1beta1/projects/pixidesk-4637f/configs [none]
[debug] [2022-11-20T19:24:03.169Z] <<< [apiv2][status] GET https://runtimeconfig.googleapis.com/v1beta1/projects/pixidesk-4637f/configs 200
[debug] [2022-11-20T19:24:03.169Z] <<< [apiv2][body] GET https://runtimeconfig.googleapis.com/v1beta1/projects/pixidesk-4637f/configs {}
[info] i  functions: preparing codebase default for deployment 
[debug] [2022-11-20T19:24:03.172Z] Validating nodejs source
[warn] !  functions: package.json indicates an outdated version of firebase-functions. Please upgrade using npm install --save firebase-functions@latest in your functions directory. 
[debug] [2022-11-20T19:24:08.740Z] > [functions] package.json contents: {
  "name": "folio",
  "main": "server.js",
  "version": "2.0.0",
  "private": true,
  "scripts": {
    "dev": "next dev",
    "build": "next build",
    "deploy": "firebase deploy --only functions,hosting",
    "start": "next start",
    "lint": "next lint"
  },
  "dependencies": {
    "firebase": "^9.14.0",
    "firebase-admin": "^11.2.0",
    "firebase-functions": "^4.0.2",
    "gsap": "3.8.0",
    "lottie-react": "^2.3.1",
    "next": "12",
    "react": "^17.0.2",
    "react-dom": "^17.0.2",
    "react-phone-input-2": "^2.15.1",
    "sass": "^1.32.12",
    "typed.js": "^2.0.12",
    "vanilla-tilt": "^1.7.0"
  },
  "devDependencies": {
    "@types/node": "^17.0.21",
    "@types/react": "^17.0.4",
    "autoprefixer": "^10.4.7",
    "eslint": "7.32.0",
    "eslint-config-next": "11.1.2",
    "postcss": "^8.4.14",
    "tailwindcss": "^3.1.4",
    "typescript": "^4.2.4"
  }
}
[debug] [2022-11-20T19:24:08.740Z] Building nodejs source
[info] i  functions: Loaded environment variables from .env. 
[debug] [2022-11-20T19:24:08.746Z] Could not find functions.yaml. Must use http discovery
[debug] [2022-11-20T19:24:09.403Z] Serving at port 9005

[debug] [2022-11-20T19:24:09.976Z] Got response from /__/functions.yaml {"endpoints":{"nextServer":{"platform":"gcfv1","availableMemoryMb":null,"timeoutSeconds":null,"minInstances":null,"maxInstances":null,"ingressSettings":null,"serviceAccountEmail":null,"vpc":null,"httpsTrigger":{},"entryPoint":"nextServer"}},"specVersion":"v1alpha1","requiredAPIs":[]}
[debug] [2022-11-20T19:24:09.989Z] shutdown requested via /__/quitquitquit

[info] i  functions: preparing . directory for uploading... 
[info] i  functions: packaged D:\pixidesk_next (37.17 MB) for uploading 
[debug] [2022-11-20T19:24:14.490Z] >>> [apiv2][query] GET https://cloudfunctions.googleapis.com/v1/projects/pixidesk-4637f/locations/-/functions [none]
[debug] [2022-11-20T19:24:16.339Z] <<< [apiv2][status] GET https://cloudfunctions.googleapis.com/v1/projects/pixidesk-4637f/locations/-/functions 200
[debug] [2022-11-20T19:24:16.339Z] <<< [apiv2][body] GET https://cloudfunctions.googleapis.com/v1/projects/pixidesk-4637f/locations/-/functions {"functions":[{"name":"projects/pixidesk-4637f/locations/us-central1/functions/nextServer","httpsTrigger":{"url":"https://us-central1-pixidesk-4637f.cloudfunctions.net/nextServer","securityLevel":"SECURE_ALWAYS"},"status":"ACTIVE","entryPoint":"nextServer","timeout":"60s","availableMemoryMb":256,"serviceAccountEmail":"pixidesk-4637f@appspot.gserviceaccount.com","updateTime":"2022-11-20T19:16:10.230Z","versionId":"17","labels":{"deployment-tool":"cli-firebase"},"sourceUploadUrl":"https://storage.googleapis.com/uploads-980440230590.us-central1.cloudfunctions.appspot.com/f1d95a15-8c97-4a23-b664-e092210d1353.zip","environmentVariables":{"NODE_ENV":"production","FIREBASE_CONFIG":"{\"projectId\":\"pixidesk-4637f\",\"storageBucket\":\"pixidesk-4637f.appspot.com\",\"locationId\":\"asia-south1\"}","GCLOUD_PROJECT":"pixidesk-4637f"},"runtime":"nodejs16","ingressSettings":"ALLOW_ALL","buildId":"e0c00a09-62cb-474b-abe0-c200c99da595","buildName":"projects/170405136857/locations/us-central1/builds/e0c00a09-62cb-474b-abe0-c200c99da595","dockerRegistry":"ARTIFACT_REGISTRY"}]}
[debug] [2022-11-20T19:24:16.340Z] >>> [apiv2][query] GET https://cloudfunctions.googleapis.com/v2alpha/projects/pixidesk-4637f/locations/-/functions [none]
[debug] [2022-11-20T19:24:18.096Z] <<< [apiv2][status] GET https://cloudfunctions.googleapis.com/v2alpha/projects/pixidesk-4637f/locations/-/functions 200
[debug] [2022-11-20T19:24:18.096Z] <<< [apiv2][body] GET https://cloudfunctions.googleapis.com/v2alpha/projects/pixidesk-4637f/locations/-/functions {}
[debug] [2022-11-20T19:24:18.107Z] >>> [apiv2][query] GET https://firebase.googleapis.com/v1beta1/projects/pixidesk-4637f [none]
[debug] [2022-11-20T19:24:18.823Z] <<< [apiv2][status] GET https://firebase.googleapis.com/v1beta1/projects/pixidesk-4637f 200
[debug] [2022-11-20T19:24:18.823Z] <<< [apiv2][body] GET https://firebase.googleapis.com/v1beta1/projects/pixidesk-4637f {"projectId":"pixidesk-4637f","projectNumber":"170405136857","displayName":"pixidesk","name":"projects/pixidesk-4637f","resources":{"hostingSite":"pixidesk-4637f","storageBucket":"pixidesk-4637f.appspot.com","locationId":"asia-south1"},"state":"ACTIVE","etag":"1_36c1a5fe-5a54-4eb2-93a8-16d104fcf469"}
[debug] [2022-11-20T19:24:18.827Z] >>> [apiv2][query] POST https://firebasehosting.googleapis.com/v1beta1/projects/170405136857/sites/pixidesk-4637f/versions [none]
[debug] [2022-11-20T19:24:18.827Z] >>> [apiv2][body] POST https://firebasehosting.googleapis.com/v1beta1/projects/170405136857/sites/pixidesk-4637f/versions {"config":{"rewrites":[{"glob":"**","function":"nextServer","functionRegion":"us-central1"}]},"labels":{"deployment-tool":"cli-firebase"}}
[debug] [2022-11-20T19:24:20.550Z] <<< [apiv2][status] POST https://firebasehosting.googleapis.com/v1beta1/projects/170405136857/sites/pixidesk-4637f/versions 200
[debug] [2022-11-20T19:24:20.550Z] <<< [apiv2][body] POST https://firebasehosting.googleapis.com/v1beta1/projects/170405136857/sites/pixidesk-4637f/versions {"name":"projects/170405136857/sites/pixidesk-4637f/versions/774a28459823ee54","status":"CREATED","config":{"rewrites":[{"functionRegion":"us-central1","glob":"**","function":"nextServer"}]},"labels":{"deployment-tool":"cli-firebase"}}
[debug] [2022-11-20T19:24:20.551Z] >>> [apiv2][query] POST https://cloudfunctions.googleapis.com/v1/projects/pixidesk-4637f/locations/us-central1/functions:generateUploadUrl [none]
[debug] [2022-11-20T19:24:20.552Z] >>> [apiv2][body] POST https://cloudfunctions.googleapis.com/v1/projects/pixidesk-4637f/locations/us-central1/functions:generateUploadUrl {}
[debug] [2022-11-20T19:24:21.402Z] <<< [apiv2][status] POST https://cloudfunctions.googleapis.com/v1/projects/pixidesk-4637f/locations/us-central1/functions:generateUploadUrl 200
[debug] [2022-11-20T19:24:21.403Z] <<< [apiv2][body] POST https://cloudfunctions.googleapis.com/v1/projects/pixidesk-4637f/locations/us-central1/functions:generateUploadUrl {"uploadUrl":"https://storage.googleapis.com/uploads-980440230590.us-central1.cloudfunctions.appspot.com/c9ecb077-63e2-42f7-85df-c346a767f37d.zip?GoogleAccessId=service-170405136857@gcf-admin-robot.iam.gserviceaccount.com&Expires=1668974059&Signature=q3PyhCyIuzNNfXQOoGUyE3H1i3RwZ%2B6OZQnB2fdFe1zx17A2DTo3ITVD5a7oJCTWXD%2BesZgY9OuWwyy3ONArKb16c7WPN9j49YNBQjX9Rqr5dNKVlLNp2FvTUQFnjUtSmyyjGvC8Gvk77TJffpmvIiDV8dZpB5nKJyCsm3oRVODHnfx3v%2B9gOEhdnZWEvsmsZHJfpOkNYA0w0kzTBKLkhkwJswpQENvukp%2BszKtf1G%2F%2Bj7D%2FQ6tGpqSK06uVklb0OL6y3TKdeTWiZ9LEdx1pdxFY0Y0R2igg9J755LlVPy81SIJXHOIGARPYFnnwgtn%2BO5EArlIFYjKFLcPbUhQtAQ%3D%3D"}
[debug] [2022-11-20T19:24:21.404Z] >>> [apiv2][query] PUT https://storage.googleapis.com/uploads-980440230590.us-central1.cloudfunctions.appspot.com/c9ecb077-63e2-42f7-85df-c346a767f37d.zip GoogleAccessId=service-170405136857%40gcf-admin-robot.iam.gserviceaccount.com&Expires=1668974059&Signature=q3PyhCyIuzNNfXQOoGUyE3H1i3RwZ%2B6OZQnB2fdFe1zx17A2DTo3ITVD5a7oJCTWXD%2BesZgY9OuWwyy3ONArKb16c7WPN9j49YNBQjX9Rqr5dNKVlLNp2FvTUQFnjUtSmyyjGvC8Gvk77TJffpmvIiDV8dZpB5nKJyCsm3oRVODHnfx3v%2B9gOEhdnZWEvsmsZHJfpOkNYA0w0kzTBKLkhkwJswpQENvukp%2BszKtf1G%2F%2Bj7D%2FQ6tGpqSK06uVklb0OL6y3TKdeTWiZ9LEdx1pdxFY0Y0R2igg9J755LlVPy81SIJXHOIGARPYFnnwgtn%2BO5EArlIFYjKFLcPbUhQtAQ%3D%3D
[debug] [2022-11-20T19:24:21.404Z] >>> [apiv2][body] PUT https://storage.googleapis.com/uploads-980440230590.us-central1.cloudfunctions.appspot.com/c9ecb077-63e2-42f7-85df-c346a767f37d.zip [stream]
[debug] [2022-11-20T19:24:42.556Z] <<< [apiv2][status] PUT https://storage.googleapis.com/uploads-980440230590.us-central1.cloudfunctions.appspot.com/c9ecb077-63e2-42f7-85df-c346a767f37d.zip 200
[debug] [2022-11-20T19:24:42.557Z] <<< [apiv2][body] PUT https://storage.googleapis.com/uploads-980440230590.us-central1.cloudfunctions.appspot.com/c9ecb077-63e2-42f7-85df-c346a767f37d.zip [omitted]
[info] +  functions: . folder uploaded successfully 
[info] i  hosting[pixidesk-4637f]: beginning deploy... 
[info] i  hosting[pixidesk-4637f]: found 139 files in public 
[debug] [2022-11-20T19:24:42.682Z] [hosting] uploading with 200 concurrency
[debug] [2022-11-20T19:24:42.718Z] [hosting] hash cache [cHVibGlj] stored for 139 files
[debug] [2022-11-20T19:24:42.718Z] [hosting][hash queue][FINAL] {"max":9,"min":0,"avg":2.6524879571924607,"active":0,"complete":139,"success":139,"errored":0,"retried":0,"total":139,"elapsed":27}
[debug] [2022-11-20T19:24:42.719Z] >>> [apiv2][query] POST https://firebasehosting.googleapis.com/v1beta1/projects/170405136857/sites/pixidesk-4637f/versions/774a28459823ee54:populateFiles [none]
[debug] [2022-11-20T19:24:42.720Z] >>> [apiv2][body] POST https://firebasehosting.googleapis.com/v1beta1/projects/170405136857/sites/pixidesk-4637f/versions/774a28459823ee54:populateFiles {"files":{"/404.html":"3240c6b45513fdd97861a63c8ae3ef0e7d2bf1357ec632ad7e6839473710326c","/corss.svg":"6f00cdd0afefa9624afca4693bea4a0e32e1ebee8296c8776a0c5f9510d41bc6","/favicon.ico":"559aca9f937f7f8d329ab2af465e6db4e9b753c636b4cb3193757322a7c515c4","/footer-bg.svg":"c84da5cd76c7a13a1a1ff15dd63c956bab695180ba0ac268f2de512fb3c5ca65","/footer-curve.svg":"852b16f071780808a8fe2f3604f018c61f0a19ab8dfd37c96b98232c1751b5fb","/letstalk.json":"e17e950ed62c1a8375fd85f6e83c593e834df4d1604b10d2e31594892d0828f3","/loading.json":"27543fcc2a942e950c3c186561d1599a290483e6ca5526a623aae3c3d9afc30f","/logo.svg":"9bb38dd02d3a568c551ce436e638d4451b5b7264c297c874bd8ec6f13be39174","/logo_prv.svg":"e25f7aa606e41654a6773c10d05ed6c05423fdb5f1b9766ab205a8d0602aa66b","/pattern-l.svg":"ac8f0c5dd80efecdd1493d469585d2d11dfd8c1dde8fad1e2237ad138e2252da","/pattern-r.svg":"e685f56d547835aa7b539585946d61d63c3be3a5b7fa7dd4517c4e1fe0278547","/preview.jpg":"22020d54112397eb44b8a7519b212a115649734e54f461787e77be66504a8cbe","/project-bg.svg":"6743031aabcdeaf5cb53aa2a49cc61b3473aba4fe494550e2352f0f767997795","/Saurabh_Resume.pdf":"4b3d5d05a1b28c35784b06fe17a76643d2a4762c683456801765a830ece82e05","/thankyou.json":"1e031bc8bedc54e833a20e37f4f2fc40af6e8e2e0e6ff6124b183f702aebc1db","/fonts/GoogleSans-Bold.woff":"9da62039238874d625b4ec2dff88dbb9e985d1ce85685209b7d25960085d6678","/fonts/GoogleSans-Bold.woff2":"a72ffbffb55a34298d45f66c70c5ab0dc31db191cb947f584c1f80f574f3b860","/fonts/GoogleSans-Medium.woff":"04324fd180bf12506cfecd28d935d4a8fb9525ab6b1ea048854b30dc8898b740","/fonts/GoogleSans-Medium.woff2":"0b771c0642d1e10fc3de0f354fc3ac638dec283e2bee5814b9a34620878a9cc1","/projects/akgec.jpg":"54f4f897915d7f20989188fe91f4489a3e00cc62aafb29386aaaf8f61bbf6c16","/projects/alpha.jpg":"3b9ec7e78ff4fea159cbdf0fe568199b45bb3775baf3ab61da7a34866088da23","/projects/bdc18.jpg":"7e5622b4d295b6cd0ba3d60db44888709167e753853dd26594702ca78ed25183","/projects/cardize.jpg":"4f9c13ffa785c573d7fb76d0961cbe66adc863e344f5bbd7074549088bfb1261","/projects/dl-unify.jpg":"6062aff0a8b68c460009982ab47e3831a601c4e27b09a0985996c2b13835d3ea","/projects/dlt-website.jpg":"d6c30a49ea4a33eb7ebbf3143a07a443219010d7d90e31cc2292fc27a6d6806b","/projects/farewell18.jpg":"2f678511c6af54c5441e76d00d913eba48e0ee4574f7c98ddca3b0abd0ec41ed","/projects/figgen.jpg":"449fc7b18ce291913e43031f92de824f5e6a8803467b26123464f87e7430870b","/projects/gateway.jpg":"98dd5e654da6406c79f3fce75d491cdab2aef550d4b79d6b3178c1e15a1faa70","/projects/huminos.jpg":"e64f96de89585c46fd279bd3c0be43b32841bc35053552553600c22f16b37591","/projects/myokr.jpg":"6ad781f2c73e81560d6e9d4a1cbf768ec0db8f1ee1d1fcb324333794fcd36981","/projects/ngx-quill-upload.jpg":"00b9da0393edc85cfc204ab5cea1f9ce5c217d9313123e36732ab35fdf76cf77","/projects/orchestrator.jpg":"30a594382dceef49d32c2b8f8ff1ac2dc574860f590f08d917490ee0214f4ff1","/projects/pj1.jpg":"b767bb15bd1de5311cb4d37b5619cdd810b584d609e2d6a9007440264febc3f8","/projects/pj2.jpg":"794a5a1a18a732da148cbc21fad5887f1972608c1b5d81446880e77af1101d4d","/projects/pj3.jpg":"ef72910fe7acc53e8f11b5239e053397942207b8a8105320d83e4e3648260354","/projects/pj4.jpg":"4f526de5acb27918801c22f0c398473a1225017d100be0f201465eb763981903","/projects/pj5.jpg":"e9d96360e9f44983fc57da025cc1270d60bfd99ae04dc4e0ae262a88513061e3","/projects/pj6.jpg":"2d327b515386cdaeb595372359556500987547ebd76c7ec60bed78acd373e8e9","/projects/pj7.jpg":"da7a4e8f8476f531b27d3af75483d916d6073b05039b9554abd166ee888cbdb5","/projects/pj8.jpg":"437fb0844d47e85efa9885ac387afd7eefa985ac988b5f246ba3190b571dff0f","/projects/pj9.jpg":"917eaef1ea811049c1ba9da23528eaf4d15b8bc47c788ede0c2caa2f019a03f2","/projects/scrolls.jpg":"0b2dc575d2f46b4fdc6a8188ada353a9c40cc75dab147c2b1b1f39fd65161f31","/projects/blur/akgec-blur.jpg":"00c90aabdd5f9bed83d7951bef75888060c4fd8b14c7d1688f9ebdad0d0fa452","/projects/blur/alpha-blur.jpg":"4f6dded716359dc88ac81fed10d4d68706a1fd236fb60d0a58bca8c5a2e2ad9d","/projects/blur/bdc18-blur.jpg":"8922452f03c6709500f6954e80c37c42ffe9e5a27ad7701c4a53feaf9e56d7d4","/projects/blur/cardize-blur.jpg":"9ab777b007f5a16b6fe02fe440c1047746ed9608c314dfd16f5cbf0eca80e1f5","/projects/blur/dl-unify-blur.jpg":"3e16334ca0562d9e6e190ea5934e70a17228983af8369b9043970058a2beda7d","/projects/blur/dlt-website-blur.jpg":"5bfa738755bb285c594ff78f66367611f7a59dade9e3c816f8f41abfba838740","/projects/blur/farewell18-blur.jpg":"baca48eeae79310441ac5000384746a3150232d6f7c6aac3d3bafbe15133234e","/projects/blur/figgen-blur.jpg":"f9af294f2aa566722071b4519a598cd233e699ea522a3c4d0e96c5cf674f5768","/projects/blur/gateway-blur.jpg":"be1e31fda7ffa6b758ab8bf46096ecf24545562ee25e0086af1892265c55911e","/projects/blur/huminos-blur.jpg":"6dfbc6469990c6d03fa067517f0bfe3642bcf051bf51a68c931936b558b2694c","/projects/blur/myokr-blur.jpg":"1dc012a942f03271bb136204c4437d6d9e2a72e01bfe69e30dbdd6b1ea7737c2","/projects/blur/ngx-quill-upload-blur.jpg":"145b835cd9196508cac8d1c340d42cc1763978d874fe2cb04ac9f32ea605f485","/projects/blur/orchestrator-blur.jpg":"e1597e851e07871ea465faa63b43259a975ffa8e0a03f14ab610d26a8b3d5b11","/projects/blur/pj1.jpg":"b8d13d854a125be8bff301b73a17dd9cdcd7c02d5c427b9582e5ea2e19faa68d","/projects/blur/pj2.jpg":"94449d8c782f972bd999fc6d75eeffc0ed17dc0e5cedff20454e237b03990656","/projects/blur/pj3.jpg":"85968740133b82c80f1cb86eb38dc9ebbcce48d13f550659c4a4ef1da94852b5","/projects/blur/pj4.jpg":"9c631745b31d5f215b642bbcc9509e4f264e20b3d603517f9480ae1627936bd8","/projects/blur/pj5.jpg":"41252bb76351ec21acaaae708a6a2e0baa8770d51bb5044f12ef8321e8ce00df","/projects/blur/pj6.jpg":"fdc914bfd06641c624e4bab99274fa5267a631de4930c954119e41a7e96b9543","/projects/blur/pj7.jpg":"82578fe30bb872b1ab28b7854ed1f4db8ae7e8a64c14313f9a4ce1e1d4d17b8f","/projects/blur/pj8.jpg":"5141c45940ddd03db2c58ca3712c5582febbc997ece5d5a353c0695ad1961ee1","/projects/blur/pj9.jpg":"952b81ad4789aa0cf62d0c684d529b1eb7f4553a3cdea26d92a0ef1db491316f","/projects/blur/scrolls-blur.jpg":"b0b2d6256a04649820abbb01eef504b83ba7c99cf1fdd873d88d31b18afa5854","/projects/tech/angular.svg":"036cf06fe28efcf2431a65c5bfedf238144bbe5c379582af35f922f87757d256","/projects/tech/css.svg":"5096a34f546906a6976e67aa0dba919eb387b38b70765b876526d23850421eb1","/projects/tech/figma.svg":"49c25b19bda016e4f90d6ff78e73387b235d71d3e5b797981d626f295849cc64","/projects/tech/gsap.svg":"ee6f359e31cebec9d82b83b54dd5ac9c57fa8ed84f2b68e59957213f75e165ce","/projects/tech/gulp.svg":"b894dbf14f72542518c15ff4f0e6a258fd7bc9ea3e897ce2669403d50351ac32","/projects/tech/html.svg":"0d28f3e7adbf82ff2125dcfaa07d137dc92d95548d72c4b1b2863eec1dcd97e1","/projects/tech/illustrator.svg":"7107bfe93478e37ab3e2b32ccb655b9ba8793a5d14f7cb613de1637c13e32ab3","/projects/tech/javascript.svg":"07117ed871c7c0f247cda15df880329b918e335e6698c24d0d04b8d54e9f1e67","/projects/tech/next.svg":"b5e401e1e16b6eaa778280fa53b7d9c898718b4f145259a73c35972a5ba6c3a8","/projects/tech/npm.svg":"29e6e3e62cc59a4bd389f5d211aaca0d5e353c4c7cb7074fbb7391400796d972","/projects/tech/react.svg":"e05c5674465109dfa80f65fdb5f15dd7669bc4eccea70600697a48a6c73ddbd5","/projects/tech/sass.svg":"00fecef825ed9711725636afc10938b2302e657ba8c1820861adf339b2aa9991","/projects/tech/svg.svg":"76c40a5e737674e69765453298b7d53c01f526b60f378e12467e7477e00c1e6a","/projects/tech/tailwind.svg":"6bdffdfd380284049004ad900402d7fc0d984717ec3f20476c9cb7d675cece47","/projects/tech/typescript.svg":"b3575268358609b043b274ea76a678c63839cef2ef4b962e250b5aec76b6ab77","/skills/aftereffects.svg":"afef501ae403f4de7087777f821c77f7c2356e259d21f89de6cf991948adf504","/skills/angular.svg":"e5a4201145825edc6f9f6bd566f4b24aad0dbd3dea23f13a8c38f0200cd21303","/skills/css.svg":"ae33c254b2b0502875abfea7c2de28b3351d0018c26a71aade4b9742ec37f600","/skills/figma.svg":"41b594a6996cb92a69f7d58faaee8db96c4376d230a894a15d3989d2423497cd","/skills/git.svg":"6b3fe96d2f3eb70679a55c7ec10d0f87d012929c3fa146d408dfed7d7542fa50","/skills/gsap.svg":"b2731e2f3f0aa82212748de1b473622075586ed9fbe5c3eb652e30ec68b2deaf","/skills/gulp.svg":"85a029b6f00a0e39d71cec0bb337c4b372e834863137e7b18d530dd83b6ac10a","/skills/html.svg":"570270da9aa22fa99d3d51d3ba59b7c8412fd9c6860bacd25ad086042be97c73","/skills/illustrator.svg":"284a6ecde13137f2e226f2b4f12f493ad5c5d8e5d97f29775e1fc76be1f860fe","/skills/javascript.svg":"2adac1d75f9db66d73bff4dc592cc640aceeddeae801bd2a975f2bf03df1bc52","/skills/lightroom.svg":"d1ec308deb0aec4a1f245821951339ce91b63048854a034ca7fb5241e92d54b2","/skills/next.svg":"b5e401e1e16b6eaa778280fa53b7d9c898718b4f145259a73c35972a5ba6c3a8","/skills/photoshop.svg":"62ead3fccccbb6209757619e7f659431b9081a9742e2192ba47bab2229b2a0b0","/skills/react.svg":"e05c5674465109dfa80f65fdb5f15dd7669bc4eccea70600697a48a6c73ddbd5","/skills/redux.svg":"42e0489d8f4fd2a477de59804166e233b355bb7e249c24d36e5b9f35eca86810","/skills/sass.svg":"1ff321d569809e380bd2b1917ba39c0426e7b6fecf6b5f4699b65599eae13c5c","/skills/sketch.svg":"df20b267ddab39b8c5e79542a9555642f830ec8a84123fe82a6858a29ff42061","/skills/svg.svg":"c151e9e5c71fc362633837adf536c6964540b6dbaec6a16b9696523982190a86","/skills/tailwind.svg":"f5c7717a1f372d9446ad67d9d388d5e865b4384870191ea687b4416d3133d882","/skills/webpack.svg":"b68b65852c809645ad537d903bdd25e340d7089e4acb161d0e85e0c71b712eeb","/social/behance.svg":"ea20333c693460ca0ece442202e0cbe454762865936af28b23beed9f85b6b803","/social/dribbble.svg":"c3cbbdcd36d01582b6922125cfe57fd52cda7dc93bd5e27127ad172249294f28","/social/facebook.svg":"677b388aa7d7de513e5a97eb3e22006ce4a40e23dd4f17b7b8ef3a75e924c473","/social/github.svg":"18ff2241907ba55037a760e38b228c3b5c66b4aab582a9f9b24a5351d8dab420","/social/instagram.svg":"9ed6dfafab525fb4fefa7c46ec8ae73a6579031a2f547545a48a69d0a8b86c8e","/social/linkedin.svg":"5ae972bb74ad71edf0e3d05c452b171b5fd6dbeb700b8c6a0e16d8238f923c8b","/social/medium.svg":"f3b859cdee53529a66598fa60b8f4f1ec455e12bb0128471cdd7a553bd79164f","/social/twitter.svg":"aa3aa653466f2be2b7b69971d8b5f77ab7ecd06590cc2872fa4b7fecb565ce65","/timeline/abes-17.jpg":"f2a5cc1a3c15ed100ed8bf36d1fb8c9893219abcf6dddc56eb27fdff9584674c","/timeline/ach1.jpg":"c8e2a1b44990323f1e6f98ab0be8f9583e5e8e1257ac1ca2a4ca980717697457","/timeline/ach1.svg":"9bb38dd02d3a568c551ce436e638d4451b5b7264c297c874bd8ec6f13be39174","/timeline/ach2.jpg":"b2bc85d71264afb0dcfd246c0400be488386f91909f77a29209f3b7ccdb92eef","/timeline/ach2.png":"4c51d2fafbf10317ed310bb6c46cd5d64c5a0c03016ea892f22a8a9b6371c3b6","/timeline/ach3.jpg":"25d82a9d852d93520dfc09fc2a1a3a7ce43fdfea191aec82cd728ade26678c03","/timeline/ach4.jpg":"d13f89078d03959bb6fdca16513ca4af4e5dca032e41aaf0c8838763288da010","/timeline/ach4.png":"bb2b65be5e63fd40857c713c5757e1ac3d6979d27660c5d4dc1b69cf2527214e","/timeline/ach5.jpg":"ee16fb9762957cfaa933a2586441d924c34b97b75dc6e9298425f743d91414a9","/timeline/aftereffects.jpg":"ac1ae500c0767cfdb52f6b2ab4bba139a4773742849aa27d0f3cca0f5990f5b5","/timeline/akgec.svg":"58e5cc6fa4821848ec25bba2d675ad8ed26796488f04bb699f8978b2f2012529","/timeline/dlt-website.jpg":"f0de9963360e0a58f58f5cfa60d2c72aba298e188f163fe1fb2153f6ce682099","/timeline/dltlabs.svg":"c926dbc1dd5ef7c5d89d3bfed2fcbaa6f8f414437e389da8b5ed84e8125a5330","/timeline/farewell.jpg":"c82c9f2f204f4bd29307471a761a9aad49c91bf2bbc63ebb7decdee2580eb620","/timeline/flipkart.gif":"1c17337722a7ed7bf50f566f519e35ad8d69dcbb78aeb34fe574c11d0059ffdf","/timeline/flipkart.svg":"3605f908c4c64ddf96083c0c0d8217cdddacca796ea3fa7cba8d099aec7e3609","/timeline/huminos-freelance.jpg":"7427c6f2164ff56a894752938921dcb2f44b31e7b5e5618a4df6f852d47079e4","/timeline/huminos-website.jpg":"b0584248e55df7a60db524db0e486a489bd0c2c0931a95c1a22592c2573a5723","/timeline/huminos.svg":"f9365eaf190a2077797040e0ed697e7c65befc31617dcfa19f669189a9e3ccbd","/timeline/ims-16.jpg":"9c4bee5e9eb34e54c575137564632f4c78fd29bc0f21c0842d87a818049df211","/timeline/ims-17.jpg":"2197655975dce0243d5d5e5168111531a81f260a16a2efc494f686de345ed5cb","/timeline/js-17.jpg":"9cf61a2d007b2988af172af680c52594a20e322f63a4adc85cbc347b88ff09db","/timeline/octanner.svg":"ce0bca6c1f0fb484c28487f01626ed646815375ffd0d9be43ef9d051dc9911ca","/timeline/si-head.jpg":"cfdaa5cee54d77a425b221317579b9e560ee04aec54e4baca9bd358bebaac3e2","/timeline/si-start.jpg":"2ac087b2c1b2595448a51a5d3c3975aa4d87aecc6c932ecc0ac7cd8c6e6af29b","/timeline/si.svg":"2750abda9a53ae00c0fdfd8413a1581fc475eb22fe0ccf5885fb3247faeeb6ae","/timeline/svg-lecture.jpg":"bc3d57c4bed95ab0c55153e477fb30c2919c1dc1f54e2810a8e2147bcef7ae2a","/timeline/title-bar.svg":"0e2e76300f6fd1890e05a1e623724dc6e376447eccf6eec2bb01822d462831a2","/timeline/web-17.jpg":"28ef02541c145cf254d2f90cc478459f4dae67cd46648334667529775fffa9d3","/timeline/xda-rt.jpg":"a9a38f760692061df50265222dc9149fcdd6b5ff161460da345d59d67926e623","/timeline/xda.svg":"5d22cbdd11eb20dc2a91b32f890377636f3f36d9faddb08d2b2d7792a921f394"}}
[debug] [2022-11-20T19:24:44.527Z] <<< [apiv2][status] POST https://firebasehosting.googleapis.com/v1beta1/projects/170405136857/sites/pixidesk-4637f/versions/774a28459823ee54:populateFiles 200
[debug] [2022-11-20T19:24:44.527Z] <<< [apiv2][body] POST https://firebasehosting.googleapis.com/v1beta1/projects/170405136857/sites/pixidesk-4637f/versions/774a28459823ee54:populateFiles {"uploadUrl":"https://upload-firebasehosting.googleapis.com/upload/sites/pixidesk-4637f/versions/774a28459823ee54/files"}
[debug] [2022-11-20T19:24:44.527Z] [hosting][populate queue][FINAL] {"max":1812,"min":1812,"avg":1812,"active":0,"complete":1,"success":1,"errored":0,"retried":0,"total":1,"elapsed":1812}
[debug] [2022-11-20T19:24:44.527Z] [hosting] uploads queued: 0
[debug] [2022-11-20T19:24:44.527Z] [hosting][upload queue][FINAL] {"max":0,"min":9999999999,"avg":0,"active":0,"complete":0,"success":0,"errored":0,"retried":0,"total":0,"elapsed":1668972284527}
[info] +  hosting[pixidesk-4637f]: file upload complete 
[debug] [2022-11-20T19:24:44.530Z] [hosting] deploy completed after 1968ms
[info] i  functions: updating Node.js 16 function nextServer(us-central1)... 
[debug] [2022-11-20T19:24:44.549Z] >>> [apiv2][query] PATCH https://cloudfunctions.googleapis.com/v1/projects/pixidesk-4637f/locations/us-central1/functions/nextServer updateMask=name%2CsourceUploadUrl%2CentryPoint%2Cruntime%2CdockerRegistry%2Clabels%2ChttpsTrigger.securityLevel%2CminInstances%2CmaxInstances%2CingressSettings%2CenvironmentVariables%2CserviceAccountEmail%2CavailableMemoryMb%2Ctimeout%2CvpcConnector%2CvpcConnectorEgressSettings%2CsourceToken
[debug] [2022-11-20T19:24:44.549Z] >>> [apiv2][body] PATCH https://cloudfunctions.googleapis.com/v1/projects/pixidesk-4637f/locations/us-central1/functions/nextServer {"name":"projects/pixidesk-4637f/locations/us-central1/functions/nextServer","sourceUploadUrl":"https://storage.googleapis.com/uploads-980440230590.us-central1.cloudfunctions.appspot.com/c9ecb077-63e2-42f7-85df-c346a767f37d.zip?GoogleAccessId=service-170405136857@gcf-admin-robot.iam.gserviceaccount.com&Expires=1668974059&Signature=q3PyhCyIuzNNfXQOoGUyE3H1i3RwZ%2B6OZQnB2fdFe1zx17A2DTo3ITVD5a7oJCTWXD%2BesZgY9OuWwyy3ONArKb16c7WPN9j49YNBQjX9Rqr5dNKVlLNp2FvTUQFnjUtSmyyjGvC8Gvk77TJffpmvIiDV8dZpB5nKJyCsm3oRVODHnfx3v%2B9gOEhdnZWEvsmsZHJfpOkNYA0w0kzTBKLkhkwJswpQENvukp%2BszKtf1G%2F%2Bj7D%2FQ6tGpqSK06uVklb0OL6y3TKdeTWiZ9LEdx1pdxFY0Y0R2igg9J755LlVPy81SIJXHOIGARPYFnnwgtn%2BO5EArlIFYjKFLcPbUhQtAQ%3D%3D","entryPoint":"nextServer","runtime":"nodejs16","dockerRegistry":"ARTIFACT_REGISTRY","labels":{"deployment-tool":"cli-firebase"},"httpsTrigger":{"securityLevel":"SECURE_ALWAYS"},"minInstances":null,"maxInstances":null,"ingressSettings":null,"environmentVariables":{"NODE_ENV":"production","FIREBASE_CONFIG":"{\"projectId\":\"pixidesk-4637f\",\"storageBucket\":\"pixidesk-4637f.appspot.com\",\"locationId\":\"asia-south1\"}","GCLOUD_PROJECT":"pixidesk-4637f"},"serviceAccountEmail":null,"availableMemoryMb":null,"timeout":null,"vpcConnector":null,"vpcConnectorEgressSettings":null}
[debug] [2022-11-20T19:24:45.449Z] <<< [apiv2][status] PATCH https://cloudfunctions.googleapis.com/v1/projects/pixidesk-4637f/locations/us-central1/functions/nextServer 200
[debug] [2022-11-20T19:24:45.449Z] <<< [apiv2][body] PATCH https://cloudfunctions.googleapis.com/v1/projects/pixidesk-4637f/locations/us-central1/functions/nextServer {"name":"operations/cGl4aWRlc2stNDYzN2YvdXMtY2VudHJhbDEvbmV4dFNlcnZlci9KM1k1cmRrNWVNOA","metadata":{"@type":"type.googleapis.com/google.cloud.functions.v1.OperationMetadataV1","target":"projects/pixidesk-4637f/locations/us-central1/functions/nextServer","type":"UPDATE_FUNCTION","request":{"@type":"type.googleapis.com/google.cloud.functions.v1.CloudFunction","name":"projects/pixidesk-4637f/locations/us-central1/functions/nextServer","httpsTrigger":{"url":"https://us-central1-pixidesk-4637f.cloudfunctions.net/nextServer","securityLevel":"SECURE_ALWAYS"},"status":"ACTIVE","entryPoint":"nextServer","updateTime":"2022-11-20T19:16:10.230Z","versionId":"17","labels":{"deployment-tool":"cli-firebase"},"sourceUploadUrl":"https://storage.googleapis.com/uploads-980440230590.us-central1.cloudfunctions.appspot.com/c9ecb077-63e2-42f7-85df-c346a767f37d.zip?GoogleAccessId=service-170405136857@gcf-admin-robot.iam.gserviceaccount.com&Expires=1668974059&Signature=q3PyhCyIuzNNfXQOoGUyE3H1i3RwZ%2B6OZQnB2fdFe1zx17A2DTo3ITVD5a7oJCTWXD%2BesZgY9OuWwyy3ONArKb16c7WPN9j49YNBQjX9Rqr5dNKVlLNp2FvTUQFnjUtSmyyjGvC8Gvk77TJffpmvIiDV8dZpB5nKJyCsm3oRVODHnfx3v%2B9gOEhdnZWEvsmsZHJfpOkNYA0w0kzTBKLkhkwJswpQENvukp%2BszKtf1G%2F%2Bj7D%2FQ6tGpqSK06uVklb0OL6y3TKdeTWiZ9LEdx1pdxFY0Y0R2igg9J755LlVPy81SIJXHOIGARPYFnnwgtn%2BO5EArlIFYjKFLcPbUhQtAQ%3D%3D","environmentVariables":{"NODE_ENV":"production","FIREBASE_CONFIG":"{\"projectId\":\"pixidesk-4637f\",\"storageBucket\":\"pixidesk-4637f.appspot.com\",\"locationId\":\"asia-south1\"}","GCLOUD_PROJECT":"pixidesk-4637f"},"runtime":"nodejs16","buildId":"e0c00a09-62cb-474b-abe0-c200c99da595","buildName":"projects/170405136857/locations/us-central1/builds/e0c00a09-62cb-474b-abe0-c200c99da595","dockerRegistry":"ARTIFACT_REGISTRY"},"versionId":"18","updateTime":"2022-11-20T19:24:43Z"}}
[debug] [2022-11-20T19:24:45.450Z] >>> [apiv2][query] GET https://cloudfunctions.googleapis.com/v1/operations/cGl4aWRlc2stNDYzN2YvdXMtY2VudHJhbDEvbmV4dFNlcnZlci9KM1k1cmRrNWVNOA [none]
[debug] [2022-11-20T19:24:46.064Z] <<< [apiv2][status] GET https://cloudfunctions.googleapis.com/v1/operations/cGl4aWRlc2stNDYzN2YvdXMtY2VudHJhbDEvbmV4dFNlcnZlci9KM1k1cmRrNWVNOA 200
[debug] [2022-11-20T19:24:46.064Z] <<< [apiv2][body] GET https://cloudfunctions.googleapis.com/v1/operations/cGl4aWRlc2stNDYzN2YvdXMtY2VudHJhbDEvbmV4dFNlcnZlci9KM1k1cmRrNWVNOA {"name":"operations/cGl4aWRlc2stNDYzN2YvdXMtY2VudHJhbDEvbmV4dFNlcnZlci9KM1k1cmRrNWVNOA","metadata":{"@type":"type.googleapis.com/google.cloud.functions.v1.OperationMetadataV1","target":"projects/pixidesk-4637f/locations/us-central1/functions/nextServer","type":"UPDATE_FUNCTION","request":{"@type":"type.googleapis.com/google.cloud.functions.v1.CloudFunction","name":"projects/pixidesk-4637f/locations/us-central1/functions/nextServer","httpsTrigger":{"url":"https://us-central1-pixidesk-4637f.cloudfunctions.net/nextServer","securityLevel":"SECURE_ALWAYS"},"status":"ACTIVE","entryPoint":"nextServer","updateTime":"2022-11-20T19:16:10.230Z","versionId":"17","labels":{"deployment-tool":"cli-firebase"},"sourceUploadUrl":"https://storage.googleapis.com/uploads-980440230590.us-central1.cloudfunctions.appspot.com/c9ecb077-63e2-42f7-85df-c346a767f37d.zip?GoogleAccessId=service-170405136857@gcf-admin-robot.iam.gserviceaccount.com&Expires=1668974059&Signature=q3PyhCyIuzNNfXQOoGUyE3H1i3RwZ%2B6OZQnB2fdFe1zx17A2DTo3ITVD5a7oJCTWXD%2BesZgY9OuWwyy3ONArKb16c7WPN9j49YNBQjX9Rqr5dNKVlLNp2FvTUQFnjUtSmyyjGvC8Gvk77TJffpmvIiDV8dZpB5nKJyCsm3oRVODHnfx3v%2B9gOEhdnZWEvsmsZHJfpOkNYA0w0kzTBKLkhkwJswpQENvukp%2BszKtf1G%2F%2Bj7D%2FQ6tGpqSK06uVklb0OL6y3TKdeTWiZ9LEdx1pdxFY0Y0R2igg9J755LlVPy81SIJXHOIGARPYFnnwgtn%2BO5EArlIFYjKFLcPbUhQtAQ%3D%3D","environmentVariables":{"NODE_ENV":"production","FIREBASE_CONFIG":"{\"projectId\":\"pixidesk-4637f\",\"storageBucket\":\"pixidesk-4637f.appspot.com\",\"locationId\":\"asia-south1\"}","GCLOUD_PROJECT":"pixidesk-4637f"},"runtime":"nodejs16","buildId":"e0c00a09-62cb-474b-abe0-c200c99da595","buildName":"projects/170405136857/locations/us-central1/builds/e0c00a09-62cb-474b-abe0-c200c99da595","dockerRegistry":"ARTIFACT_REGISTRY"},"versionId":"18","updateTime":"2022-11-20T19:24:43Z"}}
[debug] [2022-11-20T19:24:46.574Z] [update-default-us-central1-nextServer] Retrying task index 0
[debug] [2022-11-20T19:24:46.575Z] >>> [apiv2][query] GET https://cloudfunctions.googleapis.com/v1/operations/cGl4aWRlc2stNDYzN2YvdXMtY2VudHJhbDEvbmV4dFNlcnZlci9KM1k1cmRrNWVNOA [none]
[debug] [2022-11-20T19:24:47.128Z] <<< [apiv2][status] GET https://cloudfunctions.googleapis.com/v1/operations/cGl4aWRlc2stNDYzN2YvdXMtY2VudHJhbDEvbmV4dFNlcnZlci9KM1k1cmRrNWVNOA 200
[debug] [2022-11-20T19:24:47.128Z] <<< [apiv2][body] GET https://cloudfunctions.googleapis.com/v1/operations/cGl4aWRlc2stNDYzN2YvdXMtY2VudHJhbDEvbmV4dFNlcnZlci9KM1k1cmRrNWVNOA {"name":"operations/cGl4aWRlc2stNDYzN2YvdXMtY2VudHJhbDEvbmV4dFNlcnZlci9KM1k1cmRrNWVNOA","metadata":{"@type":"type.googleapis.com/google.cloud.functions.v1.OperationMetadataV1","target":"projects/pixidesk-4637f/locations/us-central1/functions/nextServer","type":"UPDATE_FUNCTION","request":{"@type":"type.googleapis.com/google.cloud.functions.v1.CloudFunction","name":"projects/pixidesk-4637f/locations/us-central1/functions/nextServer","httpsTrigger":{"url":"https://us-central1-pixidesk-4637f.cloudfunctions.net/nextServer","securityLevel":"SECURE_ALWAYS"},"status":"ACTIVE","entryPoint":"nextServer","updateTime":"2022-11-20T19:16:10.230Z","versionId":"17","labels":{"deployment-tool":"cli-firebase"},"sourceUploadUrl":"https://storage.googleapis.com/uploads-980440230590.us-central1.cloudfunctions.appspot.com/c9ecb077-63e2-42f7-85df-c346a767f37d.zip?GoogleAccessId=service-170405136857@gcf-admin-robot.iam.gserviceaccount.com&Expires=1668974059&Signature=q3PyhCyIuzNNfXQOoGUyE3H1i3RwZ%2B6OZQnB2fdFe1zx17A2DTo3ITVD5a7oJCTWXD%2BesZgY9OuWwyy3ONArKb16c7WPN9j49YNBQjX9Rqr5dNKVlLNp2FvTUQFnjUtSmyyjGvC8Gvk77TJffpmvIiDV8dZpB5nKJyCsm3oRVODHnfx3v%2B9gOEhdnZWEvsmsZHJfpOkNYA0w0kzTBKLkhkwJswpQENvukp%2BszKtf1G%2F%2Bj7D%2FQ6tGpqSK06uVklb0OL6y3TKdeTWiZ9LEdx1pdxFY0Y0R2igg9J755LlVPy81SIJXHOIGARPYFnnwgtn%2BO5EArlIFYjKFLcPbUhQtAQ%3D%3D","environmentVariables":{"NODE_ENV":"production","FIREBASE_CONFIG":"{\"projectId\":\"pixidesk-4637f\",\"storageBucket\":\"pixidesk-4637f.appspot.com\",\"locationId\":\"asia-south1\"}","GCLOUD_PROJECT":"pixidesk-4637f"},"runtime":"nodejs16","buildId":"e0c00a09-62cb-474b-abe0-c200c99da595","buildName":"projects/170405136857/locations/us-central1/builds/e0c00a09-62cb-474b-abe0-c200c99da595","dockerRegistry":"ARTIFACT_REGISTRY"},"versionId":"18","updateTime":"2022-11-20T19:24:43Z","buildId":"e2f78b69-a268-44d0-ba43-160b5380a798","buildName":"projects/170405136857/locations/us-central1/builds/e2f78b69-a268-44d0-ba43-160b5380a798"}}
[debug] [2022-11-20T19:24:48.141Z] [update-default-us-central1-nextServer] Retrying task index 0
[debug] [2022-11-20T19:24:48.142Z] >>> [apiv2][query] GET https://cloudfunctions.googleapis.com/v1/operations/cGl4aWRlc2stNDYzN2YvdXMtY2VudHJhbDEvbmV4dFNlcnZlci9KM1k1cmRrNWVNOA [none]
[debug] [2022-11-20T19:24:48.827Z] <<< [apiv2][status] GET https://cloudfunctions.googleapis.com/v1/operations/cGl4aWRlc2stNDYzN2YvdXMtY2VudHJhbDEvbmV4dFNlcnZlci9KM1k1cmRrNWVNOA 200
[debug] [2022-11-20T19:24:48.827Z] <<< [apiv2][body] GET https://cloudfunctions.googleapis.com/v1/operations/cGl4aWRlc2stNDYzN2YvdXMtY2VudHJhbDEvbmV4dFNlcnZlci9KM1k1cmRrNWVNOA {"name":"operations/cGl4aWRlc2stNDYzN2YvdXMtY2VudHJhbDEvbmV4dFNlcnZlci9KM1k1cmRrNWVNOA","metadata":{"@type":"type.googleapis.com/google.cloud.functions.v1.OperationMetadataV1","target":"projects/pixidesk-4637f/locations/us-central1/functions/nextServer","type":"UPDATE_FUNCTION","request":{"@type":"type.googleapis.com/google.cloud.functions.v1.CloudFunction","name":"projects/pixidesk-4637f/locations/us-central1/functions/nextServer","httpsTrigger":{"url":"https://us-central1-pixidesk-4637f.cloudfunctions.net/nextServer","securityLevel":"SECURE_ALWAYS"},"status":"ACTIVE","entryPoint":"nextServer","updateTime":"2022-11-20T19:16:10.230Z","versionId":"17","labels":{"deployment-tool":"cli-firebase"},"sourceUploadUrl":"https://storage.googleapis.com/uploads-980440230590.us-central1.cloudfunctions.appspot.com/c9ecb077-63e2-42f7-85df-c346a767f37d.zip?GoogleAccessId=service-170405136857@gcf-admin-robot.iam.gserviceaccount.com&Expires=1668974059&Signature=q3PyhCyIuzNNfXQOoGUyE3H1i3RwZ%2B6OZQnB2fdFe1zx17A2DTo3ITVD5a7oJCTWXD%2BesZgY9OuWwyy3ONArKb16c7WPN9j49YNBQjX9Rqr5dNKVlLNp2FvTUQFnjUtSmyyjGvC8Gvk77TJffpmvIiDV8dZpB5nKJyCsm3oRVODHnfx3v%2B9gOEhdnZWEvsmsZHJfpOkNYA0w0kzTBKLkhkwJswpQENvukp%2BszKtf1G%2F%2Bj7D%2FQ6tGpqSK06uVklb0OL6y3TKdeTWiZ9LEdx1pdxFY0Y0R2igg9J755LlVPy81SIJXHOIGARPYFnnwgtn%2BO5EArlIFYjKFLcPbUhQtAQ%3D%3D","environmentVariables":{"NODE_ENV":"production","FIREBASE_CONFIG":"{\"projectId\":\"pixidesk-4637f\",\"storageBucket\":\"pixidesk-4637f.appspot.com\",\"locationId\":\"asia-south1\"}","GCLOUD_PROJECT":"pixidesk-4637f"},"runtime":"nodejs16","buildId":"e0c00a09-62cb-474b-abe0-c200c99da595","buildName":"projects/170405136857/locations/us-central1/builds/e0c00a09-62cb-474b-abe0-c200c99da595","dockerRegistry":"ARTIFACT_REGISTRY"},"versionId":"18","updateTime":"2022-11-20T19:24:43Z","buildId":"e2f78b69-a268-44d0-ba43-160b5380a798","buildName":"projects/170405136857/locations/us-central1/builds/e2f78b69-a268-44d0-ba43-160b5380a798"}}
[debug] [2022-11-20T19:24:50.832Z] [update-default-us-central1-nextServer] Retrying task index 0
[debug] [2022-11-20T19:24:50.833Z] >>> [apiv2][query] GET https://cloudfunctions.googleapis.com/v1/operations/cGl4aWRlc2stNDYzN2YvdXMtY2VudHJhbDEvbmV4dFNlcnZlci9KM1k1cmRrNWVNOA [none]
[debug] [2022-11-20T19:24:51.346Z] <<< [apiv2][status] GET https://cloudfunctions.googleapis.com/v1/operations/cGl4aWRlc2stNDYzN2YvdXMtY2VudHJhbDEvbmV4dFNlcnZlci9KM1k1cmRrNWVNOA 200
[debug] [2022-11-20T19:24:51.347Z] <<< [apiv2][body] GET https://cloudfunctions.googleapis.com/v1/operations/cGl4aWRlc2stNDYzN2YvdXMtY2VudHJhbDEvbmV4dFNlcnZlci9KM1k1cmRrNWVNOA {"name":"operations/cGl4aWRlc2stNDYzN2YvdXMtY2VudHJhbDEvbmV4dFNlcnZlci9KM1k1cmRrNWVNOA","metadata":{"@type":"type.googleapis.com/google.cloud.functions.v1.OperationMetadataV1","target":"projects/pixidesk-4637f/locations/us-central1/functions/nextServer","type":"UPDATE_FUNCTION","request":{"@type":"type.googleapis.com/google.cloud.functions.v1.CloudFunction","name":"projects/pixidesk-4637f/locations/us-central1/functions/nextServer","httpsTrigger":{"url":"https://us-central1-pixidesk-4637f.cloudfunctions.net/nextServer","securityLevel":"SECURE_ALWAYS"},"status":"ACTIVE","entryPoint":"nextServer","updateTime":"2022-11-20T19:16:10.230Z","versionId":"17","labels":{"deployment-tool":"cli-firebase"},"sourceUploadUrl":"https://storage.googleapis.com/uploads-980440230590.us-central1.cloudfunctions.appspot.com/c9ecb077-63e2-42f7-85df-c346a767f37d.zip?GoogleAccessId=service-170405136857@gcf-admin-robot.iam.gserviceaccount.com&Expires=1668974059&Signature=q3PyhCyIuzNNfXQOoGUyE3H1i3RwZ%2B6OZQnB2fdFe1zx17A2DTo3ITVD5a7oJCTWXD%2BesZgY9OuWwyy3ONArKb16c7WPN9j49YNBQjX9Rqr5dNKVlLNp2FvTUQFnjUtSmyyjGvC8Gvk77TJffpmvIiDV8dZpB5nKJyCsm3oRVODHnfx3v%2B9gOEhdnZWEvsmsZHJfpOkNYA0w0kzTBKLkhkwJswpQENvukp%2BszKtf1G%2F%2Bj7D%2FQ6tGpqSK06uVklb0OL6y3TKdeTWiZ9LEdx1pdxFY0Y0R2igg9J755LlVPy81SIJXHOIGARPYFnnwgtn%2BO5EArlIFYjKFLcPbUhQtAQ%3D%3D","environmentVariables":{"NODE_ENV":"production","FIREBASE_CONFIG":"{\"projectId\":\"pixidesk-4637f\",\"storageBucket\":\"pixidesk-4637f.appspot.com\",\"locationId\":\"asia-south1\"}","GCLOUD_PROJECT":"pixidesk-4637f"},"runtime":"nodejs16","buildId":"e0c00a09-62cb-474b-abe0-c200c99da595","buildName":"projects/170405136857/locations/us-central1/builds/e0c00a09-62cb-474b-abe0-c200c99da595","dockerRegistry":"ARTIFACT_REGISTRY"},"versionId":"18","updateTime":"2022-11-20T19:24:43Z","buildId":"e2f78b69-a268-44d0-ba43-160b5380a798","buildName":"projects/170405136857/locations/us-central1/builds/e2f78b69-a268-44d0-ba43-160b5380a798"}}
[debug] [2022-11-20T19:24:55.357Z] [update-default-us-central1-nextServer] Retrying task index 0
[debug] [2022-11-20T19:24:55.357Z] >>> [apiv2][query] GET https://cloudfunctions.googleapis.com/v1/operations/cGl4aWRlc2stNDYzN2YvdXMtY2VudHJhbDEvbmV4dFNlcnZlci9KM1k1cmRrNWVNOA [none]
[debug] [2022-11-20T19:24:56.317Z] <<< [apiv2][status] GET https://cloudfunctions.googleapis.com/v1/operations/cGl4aWRlc2stNDYzN2YvdXMtY2VudHJhbDEvbmV4dFNlcnZlci9KM1k1cmRrNWVNOA 200
[debug] [2022-11-20T19:24:56.317Z] <<< [apiv2][body] GET https://cloudfunctions.googleapis.com/v1/operations/cGl4aWRlc2stNDYzN2YvdXMtY2VudHJhbDEvbmV4dFNlcnZlci9KM1k1cmRrNWVNOA {"name":"operations/cGl4aWRlc2stNDYzN2YvdXMtY2VudHJhbDEvbmV4dFNlcnZlci9KM1k1cmRrNWVNOA","metadata":{"@type":"type.googleapis.com/google.cloud.functions.v1.OperationMetadataV1","target":"projects/pixidesk-4637f/locations/us-central1/functions/nextServer","type":"UPDATE_FUNCTION","request":{"@type":"type.googleapis.com/google.cloud.functions.v1.CloudFunction","name":"projects/pixidesk-4637f/locations/us-central1/functions/nextServer","httpsTrigger":{"url":"https://us-central1-pixidesk-4637f.cloudfunctions.net/nextServer","securityLevel":"SECURE_ALWAYS"},"status":"ACTIVE","entryPoint":"nextServer","updateTime":"2022-11-20T19:16:10.230Z","versionId":"17","labels":{"deployment-tool":"cli-firebase"},"sourceUploadUrl":"https://storage.googleapis.com/uploads-980440230590.us-central1.cloudfunctions.appspot.com/c9ecb077-63e2-42f7-85df-c346a767f37d.zip?GoogleAccessId=service-170405136857@gcf-admin-robot.iam.gserviceaccount.com&Expires=1668974059&Signature=q3PyhCyIuzNNfXQOoGUyE3H1i3RwZ%2B6OZQnB2fdFe1zx17A2DTo3ITVD5a7oJCTWXD%2BesZgY9OuWwyy3ONArKb16c7WPN9j49YNBQjX9Rqr5dNKVlLNp2FvTUQFnjUtSmyyjGvC8Gvk77TJffpmvIiDV8dZpB5nKJyCsm3oRVODHnfx3v%2B9gOEhdnZWEvsmsZHJfpOkNYA0w0kzTBKLkhkwJswpQENvukp%2BszKtf1G%2F%2Bj7D%2FQ6tGpqSK06uVklb0OL6y3TKdeTWiZ9LEdx1pdxFY0Y0R2igg9J755LlVPy81SIJXHOIGARPYFnnwgtn%2BO5EArlIFYjKFLcPbUhQtAQ%3D%3D","environmentVariables":{"NODE_ENV":"production","FIREBASE_CONFIG":"{\"projectId\":\"pixidesk-4637f\",\"storageBucket\":\"pixidesk-4637f.appspot.com\",\"locationId\":\"asia-south1\"}","GCLOUD_PROJECT":"pixidesk-4637f"},"runtime":"nodejs16","buildId":"e0c00a09-62cb-474b-abe0-c200c99da595","buildName":"projects/170405136857/locations/us-central1/builds/e0c00a09-62cb-474b-abe0-c200c99da595","dockerRegistry":"ARTIFACT_REGISTRY"},"versionId":"18","updateTime":"2022-11-20T19:24:43Z","buildId":"e2f78b69-a268-44d0-ba43-160b5380a798","buildName":"projects/170405136857/locations/us-central1/builds/e2f78b69-a268-44d0-ba43-160b5380a798"}}
[debug] [2022-11-20T19:25:04.332Z] [update-default-us-central1-nextServer] Retrying task index 0
[debug] [2022-11-20T19:25:04.332Z] >>> [apiv2][query] GET https://cloudfunctions.googleapis.com/v1/operations/cGl4aWRlc2stNDYzN2YvdXMtY2VudHJhbDEvbmV4dFNlcnZlci9KM1k1cmRrNWVNOA [none]
[debug] [2022-11-20T19:25:05.245Z] <<< [apiv2][status] GET https://cloudfunctions.googleapis.com/v1/operations/cGl4aWRlc2stNDYzN2YvdXMtY2VudHJhbDEvbmV4dFNlcnZlci9KM1k1cmRrNWVNOA 200
[debug] [2022-11-20T19:25:05.245Z] <<< [apiv2][body] GET https://cloudfunctions.googleapis.com/v1/operations/cGl4aWRlc2stNDYzN2YvdXMtY2VudHJhbDEvbmV4dFNlcnZlci9KM1k1cmRrNWVNOA {"name":"operations/cGl4aWRlc2stNDYzN2YvdXMtY2VudHJhbDEvbmV4dFNlcnZlci9KM1k1cmRrNWVNOA","metadata":{"@type":"type.googleapis.com/google.cloud.functions.v1.OperationMetadataV1","target":"projects/pixidesk-4637f/locations/us-central1/functions/nextServer","type":"UPDATE_FUNCTION","request":{"@type":"type.googleapis.com/google.cloud.functions.v1.CloudFunction","name":"projects/pixidesk-4637f/locations/us-central1/functions/nextServer","httpsTrigger":{"url":"https://us-central1-pixidesk-4637f.cloudfunctions.net/nextServer","securityLevel":"SECURE_ALWAYS"},"status":"ACTIVE","entryPoint":"nextServer","updateTime":"2022-11-20T19:16:10.230Z","versionId":"17","labels":{"deployment-tool":"cli-firebase"},"sourceUploadUrl":"https://storage.googleapis.com/uploads-980440230590.us-central1.cloudfunctions.appspot.com/c9ecb077-63e2-42f7-85df-c346a767f37d.zip?GoogleAccessId=service-170405136857@gcf-admin-robot.iam.gserviceaccount.com&Expires=1668974059&Signature=q3PyhCyIuzNNfXQOoGUyE3H1i3RwZ%2B6OZQnB2fdFe1zx17A2DTo3ITVD5a7oJCTWXD%2BesZgY9OuWwyy3ONArKb16c7WPN9j49YNBQjX9Rqr5dNKVlLNp2FvTUQFnjUtSmyyjGvC8Gvk77TJffpmvIiDV8dZpB5nKJyCsm3oRVODHnfx3v%2B9gOEhdnZWEvsmsZHJfpOkNYA0w0kzTBKLkhkwJswpQENvukp%2BszKtf1G%2F%2Bj7D%2FQ6tGpqSK06uVklb0OL6y3TKdeTWiZ9LEdx1pdxFY0Y0R2igg9J755LlVPy81SIJXHOIGARPYFnnwgtn%2BO5EArlIFYjKFLcPbUhQtAQ%3D%3D","environmentVariables":{"NODE_ENV":"production","FIREBASE_CONFIG":"{\"projectId\":\"pixidesk-4637f\",\"storageBucket\":\"pixidesk-4637f.appspot.com\",\"locationId\":\"asia-south1\"}","GCLOUD_PROJECT":"pixidesk-4637f"},"runtime":"nodejs16","buildId":"e0c00a09-62cb-474b-abe0-c200c99da595","buildName":"projects/170405136857/locations/us-central1/builds/e0c00a09-62cb-474b-abe0-c200c99da595","dockerRegistry":"ARTIFACT_REGISTRY"},"versionId":"18","updateTime":"2022-11-20T19:24:43Z","buildId":"e2f78b69-a268-44d0-ba43-160b5380a798","buildName":"projects/170405136857/locations/us-central1/builds/e2f78b69-a268-44d0-ba43-160b5380a798"}}
[debug] [2022-11-20T19:25:15.259Z] [update-default-us-central1-nextServer] Retrying task index 0
[debug] [2022-11-20T19:25:15.260Z] >>> [apiv2][query] GET https://cloudfunctions.googleapis.com/v1/operations/cGl4aWRlc2stNDYzN2YvdXMtY2VudHJhbDEvbmV4dFNlcnZlci9KM1k1cmRrNWVNOA [none]
[debug] [2022-11-20T19:25:16.170Z] <<< [apiv2][status] GET https://cloudfunctions.googleapis.com/v1/operations/cGl4aWRlc2stNDYzN2YvdXMtY2VudHJhbDEvbmV4dFNlcnZlci9KM1k1cmRrNWVNOA 200
[debug] [2022-11-20T19:25:16.172Z] <<< [apiv2][body] GET https://cloudfunctions.googleapis.com/v1/operations/cGl4aWRlc2stNDYzN2YvdXMtY2VudHJhbDEvbmV4dFNlcnZlci9KM1k1cmRrNWVNOA {"name":"operations/cGl4aWRlc2stNDYzN2YvdXMtY2VudHJhbDEvbmV4dFNlcnZlci9KM1k1cmRrNWVNOA","metadata":{"@type":"type.googleapis.com/google.cloud.functions.v1.OperationMetadataV1","target":"projects/pixidesk-4637f/locations/us-central1/functions/nextServer","type":"UPDATE_FUNCTION","request":{"@type":"type.googleapis.com/google.cloud.functions.v1.CloudFunction","name":"projects/pixidesk-4637f/locations/us-central1/functions/nextServer","httpsTrigger":{"url":"https://us-central1-pixidesk-4637f.cloudfunctions.net/nextServer","securityLevel":"SECURE_ALWAYS"},"status":"ACTIVE","entryPoint":"nextServer","updateTime":"2022-11-20T19:16:10.230Z","versionId":"17","labels":{"deployment-tool":"cli-firebase"},"sourceUploadUrl":"https://storage.googleapis.com/uploads-980440230590.us-central1.cloudfunctions.appspot.com/c9ecb077-63e2-42f7-85df-c346a767f37d.zip?GoogleAccessId=service-170405136857@gcf-admin-robot.iam.gserviceaccount.com&Expires=1668974059&Signature=q3PyhCyIuzNNfXQOoGUyE3H1i3RwZ%2B6OZQnB2fdFe1zx17A2DTo3ITVD5a7oJCTWXD%2BesZgY9OuWwyy3ONArKb16c7WPN9j49YNBQjX9Rqr5dNKVlLNp2FvTUQFnjUtSmyyjGvC8Gvk77TJffpmvIiDV8dZpB5nKJyCsm3oRVODHnfx3v%2B9gOEhdnZWEvsmsZHJfpOkNYA0w0kzTBKLkhkwJswpQENvukp%2BszKtf1G%2F%2Bj7D%2FQ6tGpqSK06uVklb0OL6y3TKdeTWiZ9LEdx1pdxFY0Y0R2igg9J755LlVPy81SIJXHOIGARPYFnnwgtn%2BO5EArlIFYjKFLcPbUhQtAQ%3D%3D","environmentVariables":{"NODE_ENV":"production","FIREBASE_CONFIG":"{\"projectId\":\"pixidesk-4637f\",\"storageBucket\":\"pixidesk-4637f.appspot.com\",\"locationId\":\"asia-south1\"}","GCLOUD_PROJECT":"pixidesk-4637f"},"runtime":"nodejs16","buildId":"e0c00a09-62cb-474b-abe0-c200c99da595","buildName":"projects/170405136857/locations/us-central1/builds/e0c00a09-62cb-474b-abe0-c200c99da595","dockerRegistry":"ARTIFACT_REGISTRY"},"versionId":"18","updateTime":"2022-11-20T19:24:43Z","buildId":"e2f78b69-a268-44d0-ba43-160b5380a798","buildName":"projects/170405136857/locations/us-central1/builds/e2f78b69-a268-44d0-ba43-160b5380a798"}}
[debug] [2022-11-20T19:25:26.181Z] [update-default-us-central1-nextServer] Retrying task index 0
[debug] [2022-11-20T19:25:26.181Z] >>> [apiv2][query] GET https://cloudfunctions.googleapis.com/v1/operations/cGl4aWRlc2stNDYzN2YvdXMtY2VudHJhbDEvbmV4dFNlcnZlci9KM1k1cmRrNWVNOA [none]
[debug] [2022-11-20T19:25:26.808Z] <<< [apiv2][status] GET https://cloudfunctions.googleapis.com/v1/operations/cGl4aWRlc2stNDYzN2YvdXMtY2VudHJhbDEvbmV4dFNlcnZlci9KM1k1cmRrNWVNOA 200
[debug] [2022-11-20T19:25:26.808Z] <<< [apiv2][body] GET https://cloudfunctions.googleapis.com/v1/operations/cGl4aWRlc2stNDYzN2YvdXMtY2VudHJhbDEvbmV4dFNlcnZlci9KM1k1cmRrNWVNOA {"name":"operations/cGl4aWRlc2stNDYzN2YvdXMtY2VudHJhbDEvbmV4dFNlcnZlci9KM1k1cmRrNWVNOA","metadata":{"@type":"type.googleapis.com/google.cloud.functions.v1.OperationMetadataV1","target":"projects/pixidesk-4637f/locations/us-central1/functions/nextServer","type":"UPDATE_FUNCTION","request":{"@type":"type.googleapis.com/google.cloud.functions.v1.CloudFunction","name":"projects/pixidesk-4637f/locations/us-central1/functions/nextServer","httpsTrigger":{"url":"https://us-central1-pixidesk-4637f.cloudfunctions.net/nextServer","securityLevel":"SECURE_ALWAYS"},"status":"ACTIVE","entryPoint":"nextServer","updateTime":"2022-11-20T19:16:10.230Z","versionId":"17","labels":{"deployment-tool":"cli-firebase"},"sourceUploadUrl":"https://storage.googleapis.com/uploads-980440230590.us-central1.cloudfunctions.appspot.com/c9ecb077-63e2-42f7-85df-c346a767f37d.zip?GoogleAccessId=service-170405136857@gcf-admin-robot.iam.gserviceaccount.com&Expires=1668974059&Signature=q3PyhCyIuzNNfXQOoGUyE3H1i3RwZ%2B6OZQnB2fdFe1zx17A2DTo3ITVD5a7oJCTWXD%2BesZgY9OuWwyy3ONArKb16c7WPN9j49YNBQjX9Rqr5dNKVlLNp2FvTUQFnjUtSmyyjGvC8Gvk77TJffpmvIiDV8dZpB5nKJyCsm3oRVODHnfx3v%2B9gOEhdnZWEvsmsZHJfpOkNYA0w0kzTBKLkhkwJswpQENvukp%2BszKtf1G%2F%2Bj7D%2FQ6tGpqSK06uVklb0OL6y3TKdeTWiZ9LEdx1pdxFY0Y0R2igg9J755LlVPy81SIJXHOIGARPYFnnwgtn%2BO5EArlIFYjKFLcPbUhQtAQ%3D%3D","environmentVariables":{"NODE_ENV":"production","FIREBASE_CONFIG":"{\"projectId\":\"pixidesk-4637f\",\"storageBucket\":\"pixidesk-4637f.appspot.com\",\"locationId\":\"asia-south1\"}","GCLOUD_PROJECT":"pixidesk-4637f"},"runtime":"nodejs16","buildId":"e0c00a09-62cb-474b-abe0-c200c99da595","buildName":"projects/170405136857/locations/us-central1/builds/e0c00a09-62cb-474b-abe0-c200c99da595","dockerRegistry":"ARTIFACT_REGISTRY"},"versionId":"18","updateTime":"2022-11-20T19:24:43Z","buildId":"e2f78b69-a268-44d0-ba43-160b5380a798","buildName":"projects/170405136857/locations/us-central1/builds/e2f78b69-a268-44d0-ba43-160b5380a798"}}
[debug] [2022-11-20T19:25:36.808Z] [update-default-us-central1-nextServer] Retrying task index 0
[debug] [2022-11-20T19:25:36.809Z] >>> [apiv2][query] GET https://cloudfunctions.googleapis.com/v1/operations/cGl4aWRlc2stNDYzN2YvdXMtY2VudHJhbDEvbmV4dFNlcnZlci9KM1k1cmRrNWVNOA [none]
[debug] [2022-11-20T19:25:37.321Z] <<< [apiv2][status] GET https://cloudfunctions.googleapis.com/v1/operations/cGl4aWRlc2stNDYzN2YvdXMtY2VudHJhbDEvbmV4dFNlcnZlci9KM1k1cmRrNWVNOA 200
[debug] [2022-11-20T19:25:37.321Z] <<< [apiv2][body] GET https://cloudfunctions.googleapis.com/v1/operations/cGl4aWRlc2stNDYzN2YvdXMtY2VudHJhbDEvbmV4dFNlcnZlci9KM1k1cmRrNWVNOA {"name":"operations/cGl4aWRlc2stNDYzN2YvdXMtY2VudHJhbDEvbmV4dFNlcnZlci9KM1k1cmRrNWVNOA","metadata":{"@type":"type.googleapis.com/google.cloud.functions.v1.OperationMetadataV1","target":"projects/pixidesk-4637f/locations/us-central1/functions/nextServer","type":"UPDATE_FUNCTION","request":{"@type":"type.googleapis.com/google.cloud.functions.v1.CloudFunction","name":"projects/pixidesk-4637f/locations/us-central1/functions/nextServer","httpsTrigger":{"url":"https://us-central1-pixidesk-4637f.cloudfunctions.net/nextServer","securityLevel":"SECURE_ALWAYS"},"status":"ACTIVE","entryPoint":"nextServer","updateTime":"2022-11-20T19:16:10.230Z","versionId":"17","labels":{"deployment-tool":"cli-firebase"},"sourceUploadUrl":"https://storage.googleapis.com/uploads-980440230590.us-central1.cloudfunctions.appspot.com/c9ecb077-63e2-42f7-85df-c346a767f37d.zip?GoogleAccessId=service-170405136857@gcf-admin-robot.iam.gserviceaccount.com&Expires=1668974059&Signature=q3PyhCyIuzNNfXQOoGUyE3H1i3RwZ%2B6OZQnB2fdFe1zx17A2DTo3ITVD5a7oJCTWXD%2BesZgY9OuWwyy3ONArKb16c7WPN9j49YNBQjX9Rqr5dNKVlLNp2FvTUQFnjUtSmyyjGvC8Gvk77TJffpmvIiDV8dZpB5nKJyCsm3oRVODHnfx3v%2B9gOEhdnZWEvsmsZHJfpOkNYA0w0kzTBKLkhkwJswpQENvukp%2BszKtf1G%2F%2Bj7D%2FQ6tGpqSK06uVklb0OL6y3TKdeTWiZ9LEdx1pdxFY0Y0R2igg9J755LlVPy81SIJXHOIGARPYFnnwgtn%2BO5EArlIFYjKFLcPbUhQtAQ%3D%3D","environmentVariables":{"NODE_ENV":"production","FIREBASE_CONFIG":"{\"projectId\":\"pixidesk-4637f\",\"storageBucket\":\"pixidesk-4637f.appspot.com\",\"locationId\":\"asia-south1\"}","GCLOUD_PROJECT":"pixidesk-4637f"},"runtime":"nodejs16","buildId":"e0c00a09-62cb-474b-abe0-c200c99da595","buildName":"projects/170405136857/locations/us-central1/builds/e0c00a09-62cb-474b-abe0-c200c99da595","dockerRegistry":"ARTIFACT_REGISTRY"},"versionId":"18","updateTime":"2022-11-20T19:24:43Z","buildId":"e2f78b69-a268-44d0-ba43-160b5380a798","buildName":"projects/170405136857/locations/us-central1/builds/e2f78b69-a268-44d0-ba43-160b5380a798"}}
[debug] [2022-11-20T19:25:47.326Z] [update-default-us-central1-nextServer] Retrying task index 0
[debug] [2022-11-20T19:25:47.327Z] >>> [apiv2][query] GET https://cloudfunctions.googleapis.com/v1/operations/cGl4aWRlc2stNDYzN2YvdXMtY2VudHJhbDEvbmV4dFNlcnZlci9KM1k1cmRrNWVNOA [none]
[debug] [2022-11-20T19:25:47.840Z] <<< [apiv2][status] GET https://cloudfunctions.googleapis.com/v1/operations/cGl4aWRlc2stNDYzN2YvdXMtY2VudHJhbDEvbmV4dFNlcnZlci9KM1k1cmRrNWVNOA 200
[debug] [2022-11-20T19:25:47.841Z] <<< [apiv2][body] GET https://cloudfunctions.googleapis.com/v1/operations/cGl4aWRlc2stNDYzN2YvdXMtY2VudHJhbDEvbmV4dFNlcnZlci9KM1k1cmRrNWVNOA {"name":"operations/cGl4aWRlc2stNDYzN2YvdXMtY2VudHJhbDEvbmV4dFNlcnZlci9KM1k1cmRrNWVNOA","metadata":{"@type":"type.googleapis.com/google.cloud.functions.v1.OperationMetadataV1","target":"projects/pixidesk-4637f/locations/us-central1/functions/nextServer","type":"UPDATE_FUNCTION","request":{"@type":"type.googleapis.com/google.cloud.functions.v1.CloudFunction","name":"projects/pixidesk-4637f/locations/us-central1/functions/nextServer","httpsTrigger":{"url":"https://us-central1-pixidesk-4637f.cloudfunctions.net/nextServer","securityLevel":"SECURE_ALWAYS"},"status":"ACTIVE","entryPoint":"nextServer","updateTime":"2022-11-20T19:16:10.230Z","versionId":"17","labels":{"deployment-tool":"cli-firebase"},"sourceUploadUrl":"https://storage.googleapis.com/uploads-980440230590.us-central1.cloudfunctions.appspot.com/c9ecb077-63e2-42f7-85df-c346a767f37d.zip?GoogleAccessId=service-170405136857@gcf-admin-robot.iam.gserviceaccount.com&Expires=1668974059&Signature=q3PyhCyIuzNNfXQOoGUyE3H1i3RwZ%2B6OZQnB2fdFe1zx17A2DTo3ITVD5a7oJCTWXD%2BesZgY9OuWwyy3ONArKb16c7WPN9j49YNBQjX9Rqr5dNKVlLNp2FvTUQFnjUtSmyyjGvC8Gvk77TJffpmvIiDV8dZpB5nKJyCsm3oRVODHnfx3v%2B9gOEhdnZWEvsmsZHJfpOkNYA0w0kzTBKLkhkwJswpQENvukp%2BszKtf1G%2F%2Bj7D%2FQ6tGpqSK06uVklb0OL6y3TKdeTWiZ9LEdx1pdxFY0Y0R2igg9J755LlVPy81SIJXHOIGARPYFnnwgtn%2BO5EArlIFYjKFLcPbUhQtAQ%3D%3D","environmentVariables":{"NODE_ENV":"production","FIREBASE_CONFIG":"{\"projectId\":\"pixidesk-4637f\",\"storageBucket\":\"pixidesk-4637f.appspot.com\",\"locationId\":\"asia-south1\"}","GCLOUD_PROJECT":"pixidesk-4637f"},"runtime":"nodejs16","buildId":"e0c00a09-62cb-474b-abe0-c200c99da595","buildName":"projects/170405136857/locations/us-central1/builds/e0c00a09-62cb-474b-abe0-c200c99da595","dockerRegistry":"ARTIFACT_REGISTRY"},"versionId":"18","updateTime":"2022-11-20T19:24:43Z","buildId":"e2f78b69-a268-44d0-ba43-160b5380a798","buildName":"projects/170405136857/locations/us-central1/builds/e2f78b69-a268-44d0-ba43-160b5380a798"}}
[debug] [2022-11-20T19:25:57.841Z] [update-default-us-central1-nextServer] Retrying task index 0
[debug] [2022-11-20T19:25:57.841Z] >>> [apiv2][query] GET https://cloudfunctions.googleapis.com/v1/operations/cGl4aWRlc2stNDYzN2YvdXMtY2VudHJhbDEvbmV4dFNlcnZlci9KM1k1cmRrNWVNOA [none]
[debug] [2022-11-20T19:25:58.366Z] <<< [apiv2][status] GET https://cloudfunctions.googleapis.com/v1/operations/cGl4aWRlc2stNDYzN2YvdXMtY2VudHJhbDEvbmV4dFNlcnZlci9KM1k1cmRrNWVNOA 200
[debug] [2022-11-20T19:25:58.366Z] <<< [apiv2][body] GET https://cloudfunctions.googleapis.com/v1/operations/cGl4aWRlc2stNDYzN2YvdXMtY2VudHJhbDEvbmV4dFNlcnZlci9KM1k1cmRrNWVNOA {"name":"operations/cGl4aWRlc2stNDYzN2YvdXMtY2VudHJhbDEvbmV4dFNlcnZlci9KM1k1cmRrNWVNOA","metadata":{"@type":"type.googleapis.com/google.cloud.functions.v1.OperationMetadataV1","target":"projects/pixidesk-4637f/locations/us-central1/functions/nextServer","type":"UPDATE_FUNCTION","request":{"@type":"type.googleapis.com/google.cloud.functions.v1.CloudFunction","name":"projects/pixidesk-4637f/locations/us-central1/functions/nextServer","httpsTrigger":{"url":"https://us-central1-pixidesk-4637f.cloudfunctions.net/nextServer","securityLevel":"SECURE_ALWAYS"},"status":"ACTIVE","entryPoint":"nextServer","updateTime":"2022-11-20T19:16:10.230Z","versionId":"17","labels":{"deployment-tool":"cli-firebase"},"sourceUploadUrl":"https://storage.googleapis.com/uploads-980440230590.us-central1.cloudfunctions.appspot.com/c9ecb077-63e2-42f7-85df-c346a767f37d.zip?GoogleAccessId=service-170405136857@gcf-admin-robot.iam.gserviceaccount.com&Expires=1668974059&Signature=q3PyhCyIuzNNfXQOoGUyE3H1i3RwZ%2B6OZQnB2fdFe1zx17A2DTo3ITVD5a7oJCTWXD%2BesZgY9OuWwyy3ONArKb16c7WPN9j49YNBQjX9Rqr5dNKVlLNp2FvTUQFnjUtSmyyjGvC8Gvk77TJffpmvIiDV8dZpB5nKJyCsm3oRVODHnfx3v%2B9gOEhdnZWEvsmsZHJfpOkNYA0w0kzTBKLkhkwJswpQENvukp%2BszKtf1G%2F%2Bj7D%2FQ6tGpqSK06uVklb0OL6y3TKdeTWiZ9LEdx1pdxFY0Y0R2igg9J755LlVPy81SIJXHOIGARPYFnnwgtn%2BO5EArlIFYjKFLcPbUhQtAQ%3D%3D","environmentVariables":{"NODE_ENV":"production","FIREBASE_CONFIG":"{\"projectId\":\"pixidesk-4637f\",\"storageBucket\":\"pixidesk-4637f.appspot.com\",\"locationId\":\"asia-south1\"}","GCLOUD_PROJECT":"pixidesk-4637f"},"runtime":"nodejs16","buildId":"e0c00a09-62cb-474b-abe0-c200c99da595","buildName":"projects/170405136857/locations/us-central1/builds/e0c00a09-62cb-474b-abe0-c200c99da595","dockerRegistry":"ARTIFACT_REGISTRY"},"versionId":"18","updateTime":"2022-11-20T19:24:43Z","buildId":"e2f78b69-a268-44d0-ba43-160b5380a798","buildName":"projects/170405136857/locations/us-central1/builds/e2f78b69-a268-44d0-ba43-160b5380a798"}}
[debug] [2022-11-20T19:26:08.381Z] [update-default-us-central1-nextServer] Retrying task index 0
[debug] [2022-11-20T19:26:08.382Z] >>> [apiv2][query] GET https://cloudfunctions.googleapis.com/v1/operations/cGl4aWRlc2stNDYzN2YvdXMtY2VudHJhbDEvbmV4dFNlcnZlci9KM1k1cmRrNWVNOA [none]
[debug] [2022-11-20T19:26:08.892Z] <<< [apiv2][status] GET https://cloudfunctions.googleapis.com/v1/operations/cGl4aWRlc2stNDYzN2YvdXMtY2VudHJhbDEvbmV4dFNlcnZlci9KM1k1cmRrNWVNOA 200
[debug] [2022-11-20T19:26:08.892Z] <<< [apiv2][body] GET https://cloudfunctions.googleapis.com/v1/operations/cGl4aWRlc2stNDYzN2YvdXMtY2VudHJhbDEvbmV4dFNlcnZlci9KM1k1cmRrNWVNOA {"name":"operations/cGl4aWRlc2stNDYzN2YvdXMtY2VudHJhbDEvbmV4dFNlcnZlci9KM1k1cmRrNWVNOA","metadata":{"@type":"type.googleapis.com/google.cloud.functions.v1.OperationMetadataV1","target":"projects/pixidesk-4637f/locations/us-central1/functions/nextServer","type":"UPDATE_FUNCTION","request":{"@type":"type.googleapis.com/google.cloud.functions.v1.CloudFunction","name":"projects/pixidesk-4637f/locations/us-central1/functions/nextServer","httpsTrigger":{"url":"https://us-central1-pixidesk-4637f.cloudfunctions.net/nextServer","securityLevel":"SECURE_ALWAYS"},"status":"ACTIVE","entryPoint":"nextServer","updateTime":"2022-11-20T19:16:10.230Z","versionId":"17","labels":{"deployment-tool":"cli-firebase"},"sourceUploadUrl":"https://storage.googleapis.com/uploads-980440230590.us-central1.cloudfunctions.appspot.com/c9ecb077-63e2-42f7-85df-c346a767f37d.zip?GoogleAccessId=service-170405136857@gcf-admin-robot.iam.gserviceaccount.com&Expires=1668974059&Signature=q3PyhCyIuzNNfXQOoGUyE3H1i3RwZ%2B6OZQnB2fdFe1zx17A2DTo3ITVD5a7oJCTWXD%2BesZgY9OuWwyy3ONArKb16c7WPN9j49YNBQjX9Rqr5dNKVlLNp2FvTUQFnjUtSmyyjGvC8Gvk77TJffpmvIiDV8dZpB5nKJyCsm3oRVODHnfx3v%2B9gOEhdnZWEvsmsZHJfpOkNYA0w0kzTBKLkhkwJswpQENvukp%2BszKtf1G%2F%2Bj7D%2FQ6tGpqSK06uVklb0OL6y3TKdeTWiZ9LEdx1pdxFY0Y0R2igg9J755LlVPy81SIJXHOIGARPYFnnwgtn%2BO5EArlIFYjKFLcPbUhQtAQ%3D%3D","environmentVariables":{"NODE_ENV":"production","FIREBASE_CONFIG":"{\"projectId\":\"pixidesk-4637f\",\"storageBucket\":\"pixidesk-4637f.appspot.com\",\"locationId\":\"asia-south1\"}","GCLOUD_PROJECT":"pixidesk-4637f"},"runtime":"nodejs16","buildId":"e0c00a09-62cb-474b-abe0-c200c99da595","buildName":"projects/170405136857/locations/us-central1/builds/e0c00a09-62cb-474b-abe0-c200c99da595","dockerRegistry":"ARTIFACT_REGISTRY"},"versionId":"18","updateTime":"2022-11-20T19:24:43Z","buildId":"e2f78b69-a268-44d0-ba43-160b5380a798","buildName":"projects/170405136857/locations/us-central1/builds/e2f78b69-a268-44d0-ba43-160b5380a798"}}
[debug] [2022-11-20T19:26:18.893Z] [update-default-us-central1-nextServer] Retrying task index 0
[debug] [2022-11-20T19:26:18.893Z] >>> [apiv2][query] GET https://cloudfunctions.googleapis.com/v1/operations/cGl4aWRlc2stNDYzN2YvdXMtY2VudHJhbDEvbmV4dFNlcnZlci9KM1k1cmRrNWVNOA [none]
[debug] [2022-11-20T19:26:19.426Z] <<< [apiv2][status] GET https://cloudfunctions.googleapis.com/v1/operations/cGl4aWRlc2stNDYzN2YvdXMtY2VudHJhbDEvbmV4dFNlcnZlci9KM1k1cmRrNWVNOA 200
[debug] [2022-11-20T19:26:19.426Z] <<< [apiv2][body] GET https://cloudfunctions.googleapis.com/v1/operations/cGl4aWRlc2stNDYzN2YvdXMtY2VudHJhbDEvbmV4dFNlcnZlci9KM1k1cmRrNWVNOA {"name":"operations/cGl4aWRlc2stNDYzN2YvdXMtY2VudHJhbDEvbmV4dFNlcnZlci9KM1k1cmRrNWVNOA","metadata":{"@type":"type.googleapis.com/google.cloud.functions.v1.OperationMetadataV1","target":"projects/pixidesk-4637f/locations/us-central1/functions/nextServer","type":"UPDATE_FUNCTION","request":{"@type":"type.googleapis.com/google.cloud.functions.v1.CloudFunction","name":"projects/pixidesk-4637f/locations/us-central1/functions/nextServer","httpsTrigger":{"url":"https://us-central1-pixidesk-4637f.cloudfunctions.net/nextServer","securityLevel":"SECURE_ALWAYS"},"status":"ACTIVE","entryPoint":"nextServer","updateTime":"2022-11-20T19:16:10.230Z","versionId":"17","labels":{"deployment-tool":"cli-firebase"},"sourceUploadUrl":"https://storage.googleapis.com/uploads-980440230590.us-central1.cloudfunctions.appspot.com/c9ecb077-63e2-42f7-85df-c346a767f37d.zip?GoogleAccessId=service-170405136857@gcf-admin-robot.iam.gserviceaccount.com&Expires=1668974059&Signature=q3PyhCyIuzNNfXQOoGUyE3H1i3RwZ%2B6OZQnB2fdFe1zx17A2DTo3ITVD5a7oJCTWXD%2BesZgY9OuWwyy3ONArKb16c7WPN9j49YNBQjX9Rqr5dNKVlLNp2FvTUQFnjUtSmyyjGvC8Gvk77TJffpmvIiDV8dZpB5nKJyCsm3oRVODHnfx3v%2B9gOEhdnZWEvsmsZHJfpOkNYA0w0kzTBKLkhkwJswpQENvukp%2BszKtf1G%2F%2Bj7D%2FQ6tGpqSK06uVklb0OL6y3TKdeTWiZ9LEdx1pdxFY0Y0R2igg9J755LlVPy81SIJXHOIGARPYFnnwgtn%2BO5EArlIFYjKFLcPbUhQtAQ%3D%3D","environmentVariables":{"NODE_ENV":"production","FIREBASE_CONFIG":"{\"projectId\":\"pixidesk-4637f\",\"storageBucket\":\"pixidesk-4637f.appspot.com\",\"locationId\":\"asia-south1\"}","GCLOUD_PROJECT":"pixidesk-4637f"},"runtime":"nodejs16","buildId":"e0c00a09-62cb-474b-abe0-c200c99da595","buildName":"projects/170405136857/locations/us-central1/builds/e0c00a09-62cb-474b-abe0-c200c99da595","dockerRegistry":"ARTIFACT_REGISTRY"},"versionId":"18","updateTime":"2022-11-20T19:24:43Z","buildId":"e2f78b69-a268-44d0-ba43-160b5380a798","buildName":"projects/170405136857/locations/us-central1/builds/e2f78b69-a268-44d0-ba43-160b5380a798"}}
[debug] [2022-11-20T19:26:29.433Z] [update-default-us-central1-nextServer] Retrying task index 0
[debug] [2022-11-20T19:26:29.433Z] >>> [apiv2][query] GET https://cloudfunctions.googleapis.com/v1/operations/cGl4aWRlc2stNDYzN2YvdXMtY2VudHJhbDEvbmV4dFNlcnZlci9KM1k1cmRrNWVNOA [none]
[debug] [2022-11-20T19:26:29.901Z] <<< [apiv2][status] GET https://cloudfunctions.googleapis.com/v1/operations/cGl4aWRlc2stNDYzN2YvdXMtY2VudHJhbDEvbmV4dFNlcnZlci9KM1k1cmRrNWVNOA 200
[debug] [2022-11-20T19:26:29.901Z] <<< [apiv2][body] GET https://cloudfunctions.googleapis.com/v1/operations/cGl4aWRlc2stNDYzN2YvdXMtY2VudHJhbDEvbmV4dFNlcnZlci9KM1k1cmRrNWVNOA {"name":"operations/cGl4aWRlc2stNDYzN2YvdXMtY2VudHJhbDEvbmV4dFNlcnZlci9KM1k1cmRrNWVNOA","metadata":{"@type":"type.googleapis.com/google.cloud.functions.v1.OperationMetadataV1","target":"projects/pixidesk-4637f/locations/us-central1/functions/nextServer","type":"UPDATE_FUNCTION","request":{"@type":"type.googleapis.com/google.cloud.functions.v1.CloudFunction","name":"projects/pixidesk-4637f/locations/us-central1/functions/nextServer","httpsTrigger":{"url":"https://us-central1-pixidesk-4637f.cloudfunctions.net/nextServer","securityLevel":"SECURE_ALWAYS"},"status":"ACTIVE","entryPoint":"nextServer","updateTime":"2022-11-20T19:16:10.230Z","versionId":"17","labels":{"deployment-tool":"cli-firebase"},"sourceUploadUrl":"https://storage.googleapis.com/uploads-980440230590.us-central1.cloudfunctions.appspot.com/c9ecb077-63e2-42f7-85df-c346a767f37d.zip?GoogleAccessId=service-170405136857@gcf-admin-robot.iam.gserviceaccount.com&Expires=1668974059&Signature=q3PyhCyIuzNNfXQOoGUyE3H1i3RwZ%2B6OZQnB2fdFe1zx17A2DTo3ITVD5a7oJCTWXD%2BesZgY9OuWwyy3ONArKb16c7WPN9j49YNBQjX9Rqr5dNKVlLNp2FvTUQFnjUtSmyyjGvC8Gvk77TJffpmvIiDV8dZpB5nKJyCsm3oRVODHnfx3v%2B9gOEhdnZWEvsmsZHJfpOkNYA0w0kzTBKLkhkwJswpQENvukp%2BszKtf1G%2F%2Bj7D%2FQ6tGpqSK06uVklb0OL6y3TKdeTWiZ9LEdx1pdxFY0Y0R2igg9J755LlVPy81SIJXHOIGARPYFnnwgtn%2BO5EArlIFYjKFLcPbUhQtAQ%3D%3D","environmentVariables":{"NODE_ENV":"production","FIREBASE_CONFIG":"{\"projectId\":\"pixidesk-4637f\",\"storageBucket\":\"pixidesk-4637f.appspot.com\",\"locationId\":\"asia-south1\"}","GCLOUD_PROJECT":"pixidesk-4637f"},"runtime":"nodejs16","buildId":"e0c00a09-62cb-474b-abe0-c200c99da595","buildName":"projects/170405136857/locations/us-central1/builds/e0c00a09-62cb-474b-abe0-c200c99da595","dockerRegistry":"ARTIFACT_REGISTRY"},"versionId":"18","updateTime":"2022-11-20T19:24:43Z","buildId":"e2f78b69-a268-44d0-ba43-160b5380a798","buildName":"projects/170405136857/locations/us-central1/builds/e2f78b69-a268-44d0-ba43-160b5380a798"}}
[debug] [2022-11-20T19:26:39.905Z] [update-default-us-central1-nextServer] Retrying task index 0
[debug] [2022-11-20T19:26:39.905Z] >>> [apiv2][query] GET https://cloudfunctions.googleapis.com/v1/operations/cGl4aWRlc2stNDYzN2YvdXMtY2VudHJhbDEvbmV4dFNlcnZlci9KM1k1cmRrNWVNOA [none]
[debug] [2022-11-20T19:26:40.413Z] <<< [apiv2][status] GET https://cloudfunctions.googleapis.com/v1/operations/cGl4aWRlc2stNDYzN2YvdXMtY2VudHJhbDEvbmV4dFNlcnZlci9KM1k1cmRrNWVNOA 200
[debug] [2022-11-20T19:26:40.414Z] <<< [apiv2][body] GET https://cloudfunctions.googleapis.com/v1/operations/cGl4aWRlc2stNDYzN2YvdXMtY2VudHJhbDEvbmV4dFNlcnZlci9KM1k1cmRrNWVNOA {"name":"operations/cGl4aWRlc2stNDYzN2YvdXMtY2VudHJhbDEvbmV4dFNlcnZlci9KM1k1cmRrNWVNOA","metadata":{"@type":"type.googleapis.com/google.cloud.functions.v1.OperationMetadataV1","target":"projects/pixidesk-4637f/locations/us-central1/functions/nextServer","type":"UPDATE_FUNCTION","request":{"@type":"type.googleapis.com/google.cloud.functions.v1.CloudFunction","name":"projects/pixidesk-4637f/locations/us-central1/functions/nextServer","httpsTrigger":{"url":"https://us-central1-pixidesk-4637f.cloudfunctions.net/nextServer","securityLevel":"SECURE_ALWAYS"},"status":"ACTIVE","entryPoint":"nextServer","updateTime":"2022-11-20T19:16:10.230Z","versionId":"17","labels":{"deployment-tool":"cli-firebase"},"sourceUploadUrl":"https://storage.googleapis.com/uploads-980440230590.us-central1.cloudfunctions.appspot.com/c9ecb077-63e2-42f7-85df-c346a767f37d.zip?GoogleAccessId=service-170405136857@gcf-admin-robot.iam.gserviceaccount.com&Expires=1668974059&Signature=q3PyhCyIuzNNfXQOoGUyE3H1i3RwZ%2B6OZQnB2fdFe1zx17A2DTo3ITVD5a7oJCTWXD%2BesZgY9OuWwyy3ONArKb16c7WPN9j49YNBQjX9Rqr5dNKVlLNp2FvTUQFnjUtSmyyjGvC8Gvk77TJffpmvIiDV8dZpB5nKJyCsm3oRVODHnfx3v%2B9gOEhdnZWEvsmsZHJfpOkNYA0w0kzTBKLkhkwJswpQENvukp%2BszKtf1G%2F%2Bj7D%2FQ6tGpqSK06uVklb0OL6y3TKdeTWiZ9LEdx1pdxFY0Y0R2igg9J755LlVPy81SIJXHOIGARPYFnnwgtn%2BO5EArlIFYjKFLcPbUhQtAQ%3D%3D","environmentVariables":{"NODE_ENV":"production","FIREBASE_CONFIG":"{\"projectId\":\"pixidesk-4637f\",\"storageBucket\":\"pixidesk-4637f.appspot.com\",\"locationId\":\"asia-south1\"}","GCLOUD_PROJECT":"pixidesk-4637f"},"runtime":"nodejs16","buildId":"e0c00a09-62cb-474b-abe0-c200c99da595","buildName":"projects/170405136857/locations/us-central1/builds/e0c00a09-62cb-474b-abe0-c200c99da595","dockerRegistry":"ARTIFACT_REGISTRY"},"versionId":"18","updateTime":"2022-11-20T19:24:43Z","buildId":"e2f78b69-a268-44d0-ba43-160b5380a798","buildName":"projects/170405136857/locations/us-central1/builds/e2f78b69-a268-44d0-ba43-160b5380a798"}}
[debug] [2022-11-20T19:26:50.423Z] [update-default-us-central1-nextServer] Retrying task index 0
[debug] [2022-11-20T19:26:50.424Z] >>> [apiv2][query] GET https://cloudfunctions.googleapis.com/v1/operations/cGl4aWRlc2stNDYzN2YvdXMtY2VudHJhbDEvbmV4dFNlcnZlci9KM1k1cmRrNWVNOA [none]
[debug] [2022-11-20T19:26:50.956Z] <<< [apiv2][status] GET https://cloudfunctions.googleapis.com/v1/operations/cGl4aWRlc2stNDYzN2YvdXMtY2VudHJhbDEvbmV4dFNlcnZlci9KM1k1cmRrNWVNOA 200
[debug] [2022-11-20T19:26:50.956Z] <<< [apiv2][body] GET https://cloudfunctions.googleapis.com/v1/operations/cGl4aWRlc2stNDYzN2YvdXMtY2VudHJhbDEvbmV4dFNlcnZlci9KM1k1cmRrNWVNOA {"name":"operations/cGl4aWRlc2stNDYzN2YvdXMtY2VudHJhbDEvbmV4dFNlcnZlci9KM1k1cmRrNWVNOA","metadata":{"@type":"type.googleapis.com/google.cloud.functions.v1.OperationMetadataV1","target":"projects/pixidesk-4637f/locations/us-central1/functions/nextServer","type":"UPDATE_FUNCTION","request":{"@type":"type.googleapis.com/google.cloud.functions.v1.CloudFunction","name":"projects/pixidesk-4637f/locations/us-central1/functions/nextServer","httpsTrigger":{"url":"https://us-central1-pixidesk-4637f.cloudfunctions.net/nextServer","securityLevel":"SECURE_ALWAYS"},"status":"ACTIVE","entryPoint":"nextServer","updateTime":"2022-11-20T19:16:10.230Z","versionId":"17","labels":{"deployment-tool":"cli-firebase"},"sourceUploadUrl":"https://storage.googleapis.com/uploads-980440230590.us-central1.cloudfunctions.appspot.com/c9ecb077-63e2-42f7-85df-c346a767f37d.zip?GoogleAccessId=service-170405136857@gcf-admin-robot.iam.gserviceaccount.com&Expires=1668974059&Signature=q3PyhCyIuzNNfXQOoGUyE3H1i3RwZ%2B6OZQnB2fdFe1zx17A2DTo3ITVD5a7oJCTWXD%2BesZgY9OuWwyy3ONArKb16c7WPN9j49YNBQjX9Rqr5dNKVlLNp2FvTUQFnjUtSmyyjGvC8Gvk77TJffpmvIiDV8dZpB5nKJyCsm3oRVODHnfx3v%2B9gOEhdnZWEvsmsZHJfpOkNYA0w0kzTBKLkhkwJswpQENvukp%2BszKtf1G%2F%2Bj7D%2FQ6tGpqSK06uVklb0OL6y3TKdeTWiZ9LEdx1pdxFY0Y0R2igg9J755LlVPy81SIJXHOIGARPYFnnwgtn%2BO5EArlIFYjKFLcPbUhQtAQ%3D%3D","environmentVariables":{"NODE_ENV":"production","FIREBASE_CONFIG":"{\"projectId\":\"pixidesk-4637f\",\"storageBucket\":\"pixidesk-4637f.appspot.com\",\"locationId\":\"asia-south1\"}","GCLOUD_PROJECT":"pixidesk-4637f"},"runtime":"nodejs16","buildId":"e0c00a09-62cb-474b-abe0-c200c99da595","buildName":"projects/170405136857/locations/us-central1/builds/e0c00a09-62cb-474b-abe0-c200c99da595","dockerRegistry":"ARTIFACT_REGISTRY"},"versionId":"18","updateTime":"2022-11-20T19:24:43Z","buildId":"e2f78b69-a268-44d0-ba43-160b5380a798","buildName":"projects/170405136857/locations/us-central1/builds/e2f78b69-a268-44d0-ba43-160b5380a798"}}
[debug] [2022-11-20T19:27:00.960Z] [update-default-us-central1-nextServer] Retrying task index 0
[debug] [2022-11-20T19:27:00.960Z] >>> [apiv2][query] GET https://cloudfunctions.googleapis.com/v1/operations/cGl4aWRlc2stNDYzN2YvdXMtY2VudHJhbDEvbmV4dFNlcnZlci9KM1k1cmRrNWVNOA [none]
[debug] [2022-11-20T19:27:01.486Z] <<< [apiv2][status] GET https://cloudfunctions.googleapis.com/v1/operations/cGl4aWRlc2stNDYzN2YvdXMtY2VudHJhbDEvbmV4dFNlcnZlci9KM1k1cmRrNWVNOA 200
[debug] [2022-11-20T19:27:01.486Z] <<< [apiv2][body] GET https://cloudfunctions.googleapis.com/v1/operations/cGl4aWRlc2stNDYzN2YvdXMtY2VudHJhbDEvbmV4dFNlcnZlci9KM1k1cmRrNWVNOA {"name":"operations/cGl4aWRlc2stNDYzN2YvdXMtY2VudHJhbDEvbmV4dFNlcnZlci9KM1k1cmRrNWVNOA","metadata":{"@type":"type.googleapis.com/google.cloud.functions.v1.OperationMetadataV1","target":"projects/pixidesk-4637f/locations/us-central1/functions/nextServer","type":"UPDATE_FUNCTION","request":{"@type":"type.googleapis.com/google.cloud.functions.v1.CloudFunction","name":"projects/pixidesk-4637f/locations/us-central1/functions/nextServer","httpsTrigger":{"url":"https://us-central1-pixidesk-4637f.cloudfunctions.net/nextServer","securityLevel":"SECURE_ALWAYS"},"status":"ACTIVE","entryPoint":"nextServer","updateTime":"2022-11-20T19:16:10.230Z","versionId":"17","labels":{"deployment-tool":"cli-firebase"},"sourceUploadUrl":"https://storage.googleapis.com/uploads-980440230590.us-central1.cloudfunctions.appspot.com/c9ecb077-63e2-42f7-85df-c346a767f37d.zip?GoogleAccessId=service-170405136857@gcf-admin-robot.iam.gserviceaccount.com&Expires=1668974059&Signature=q3PyhCyIuzNNfXQOoGUyE3H1i3RwZ%2B6OZQnB2fdFe1zx17A2DTo3ITVD5a7oJCTWXD%2BesZgY9OuWwyy3ONArKb16c7WPN9j49YNBQjX9Rqr5dNKVlLNp2FvTUQFnjUtSmyyjGvC8Gvk77TJffpmvIiDV8dZpB5nKJyCsm3oRVODHnfx3v%2B9gOEhdnZWEvsmsZHJfpOkNYA0w0kzTBKLkhkwJswpQENvukp%2BszKtf1G%2F%2Bj7D%2FQ6tGpqSK06uVklb0OL6y3TKdeTWiZ9LEdx1pdxFY0Y0R2igg9J755LlVPy81SIJXHOIGARPYFnnwgtn%2BO5EArlIFYjKFLcPbUhQtAQ%3D%3D","environmentVariables":{"NODE_ENV":"production","FIREBASE_CONFIG":"{\"projectId\":\"pixidesk-4637f\",\"storageBucket\":\"pixidesk-4637f.appspot.com\",\"locationId\":\"asia-south1\"}","GCLOUD_PROJECT":"pixidesk-4637f"},"runtime":"nodejs16","buildId":"e0c00a09-62cb-474b-abe0-c200c99da595","buildName":"projects/170405136857/locations/us-central1/builds/e0c00a09-62cb-474b-abe0-c200c99da595","dockerRegistry":"ARTIFACT_REGISTRY"},"versionId":"18","updateTime":"2022-11-20T19:24:43Z","buildId":"e2f78b69-a268-44d0-ba43-160b5380a798","buildName":"projects/170405136857/locations/us-central1/builds/e2f78b69-a268-44d0-ba43-160b5380a798"}}
[debug] [2022-11-20T19:27:11.497Z] [update-default-us-central1-nextServer] Retrying task index 0
[debug] [2022-11-20T19:27:11.497Z] >>> [apiv2][query] GET https://cloudfunctions.googleapis.com/v1/operations/cGl4aWRlc2stNDYzN2YvdXMtY2VudHJhbDEvbmV4dFNlcnZlci9KM1k1cmRrNWVNOA [none]
[debug] [2022-11-20T19:27:12.009Z] <<< [apiv2][status] GET https://cloudfunctions.googleapis.com/v1/operations/cGl4aWRlc2stNDYzN2YvdXMtY2VudHJhbDEvbmV4dFNlcnZlci9KM1k1cmRrNWVNOA 200
[debug] [2022-11-20T19:27:12.009Z] <<< [apiv2][body] GET https://cloudfunctions.googleapis.com/v1/operations/cGl4aWRlc2stNDYzN2YvdXMtY2VudHJhbDEvbmV4dFNlcnZlci9KM1k1cmRrNWVNOA {"name":"operations/cGl4aWRlc2stNDYzN2YvdXMtY2VudHJhbDEvbmV4dFNlcnZlci9KM1k1cmRrNWVNOA","metadata":{"@type":"type.googleapis.com/google.cloud.functions.v1.OperationMetadataV1","target":"projects/pixidesk-4637f/locations/us-central1/functions/nextServer","type":"UPDATE_FUNCTION","request":{"@type":"type.googleapis.com/google.cloud.functions.v1.CloudFunction","name":"projects/pixidesk-4637f/locations/us-central1/functions/nextServer","httpsTrigger":{"url":"https://us-central1-pixidesk-4637f.cloudfunctions.net/nextServer","securityLevel":"SECURE_ALWAYS"},"status":"ACTIVE","entryPoint":"nextServer","updateTime":"2022-11-20T19:16:10.230Z","versionId":"17","labels":{"deployment-tool":"cli-firebase"},"sourceUploadUrl":"https://storage.googleapis.com/uploads-980440230590.us-central1.cloudfunctions.appspot.com/c9ecb077-63e2-42f7-85df-c346a767f37d.zip?GoogleAccessId=service-170405136857@gcf-admin-robot.iam.gserviceaccount.com&Expires=1668974059&Signature=q3PyhCyIuzNNfXQOoGUyE3H1i3RwZ%2B6OZQnB2fdFe1zx17A2DTo3ITVD5a7oJCTWXD%2BesZgY9OuWwyy3ONArKb16c7WPN9j49YNBQjX9Rqr5dNKVlLNp2FvTUQFnjUtSmyyjGvC8Gvk77TJffpmvIiDV8dZpB5nKJyCsm3oRVODHnfx3v%2B9gOEhdnZWEvsmsZHJfpOkNYA0w0kzTBKLkhkwJswpQENvukp%2BszKtf1G%2F%2Bj7D%2FQ6tGpqSK06uVklb0OL6y3TKdeTWiZ9LEdx1pdxFY0Y0R2igg9J755LlVPy81SIJXHOIGARPYFnnwgtn%2BO5EArlIFYjKFLcPbUhQtAQ%3D%3D","environmentVariables":{"NODE_ENV":"production","FIREBASE_CONFIG":"{\"projectId\":\"pixidesk-4637f\",\"storageBucket\":\"pixidesk-4637f.appspot.com\",\"locationId\":\"asia-south1\"}","GCLOUD_PROJECT":"pixidesk-4637f"},"runtime":"nodejs16","buildId":"e0c00a09-62cb-474b-abe0-c200c99da595","buildName":"projects/170405136857/locations/us-central1/builds/e0c00a09-62cb-474b-abe0-c200c99da595","dockerRegistry":"ARTIFACT_REGISTRY"},"versionId":"18","updateTime":"2022-11-20T19:24:43Z","buildId":"e2f78b69-a268-44d0-ba43-160b5380a798","sourceToken":"06a6d08d-eb7e-45f4-8111-a287f06faae1","buildName":"projects/170405136857/locations/us-central1/builds/e2f78b69-a268-44d0-ba43-160b5380a798"}}
[debug] [2022-11-20T19:27:12.009Z] Got source token 06a6d08d-eb7e-45f4-8111-a287f06faae1 for region us-central1
[debug] [2022-11-20T19:27:22.012Z] [update-default-us-central1-nextServer] Retrying task index 0
[debug] [2022-11-20T19:27:22.012Z] >>> [apiv2][query] GET https://cloudfunctions.googleapis.com/v1/operations/cGl4aWRlc2stNDYzN2YvdXMtY2VudHJhbDEvbmV4dFNlcnZlci9KM1k1cmRrNWVNOA [none]
[debug] [2022-11-20T19:27:22.742Z] <<< [apiv2][status] GET https://cloudfunctions.googleapis.com/v1/operations/cGl4aWRlc2stNDYzN2YvdXMtY2VudHJhbDEvbmV4dFNlcnZlci9KM1k1cmRrNWVNOA 200
[debug] [2022-11-20T19:27:22.743Z] <<< [apiv2][body] GET https://cloudfunctions.googleapis.com/v1/operations/cGl4aWRlc2stNDYzN2YvdXMtY2VudHJhbDEvbmV4dFNlcnZlci9KM1k1cmRrNWVNOA {"name":"operations/cGl4aWRlc2stNDYzN2YvdXMtY2VudHJhbDEvbmV4dFNlcnZlci9KM1k1cmRrNWVNOA","metadata":{"@type":"type.googleapis.com/google.cloud.functions.v1.OperationMetadataV1","target":"projects/pixidesk-4637f/locations/us-central1/functions/nextServer","type":"UPDATE_FUNCTION","request":{"@type":"type.googleapis.com/google.cloud.functions.v1.CloudFunction","name":"projects/pixidesk-4637f/locations/us-central1/functions/nextServer","httpsTrigger":{"url":"https://us-central1-pixidesk-4637f.cloudfunctions.net/nextServer","securityLevel":"SECURE_ALWAYS"},"status":"ACTIVE","entryPoint":"nextServer","updateTime":"2022-11-20T19:16:10.230Z","versionId":"17","labels":{"deployment-tool":"cli-firebase"},"sourceUploadUrl":"https://storage.googleapis.com/uploads-980440230590.us-central1.cloudfunctions.appspot.com/c9ecb077-63e2-42f7-85df-c346a767f37d.zip?GoogleAccessId=service-170405136857@gcf-admin-robot.iam.gserviceaccount.com&Expires=1668974059&Signature=q3PyhCyIuzNNfXQOoGUyE3H1i3RwZ%2B6OZQnB2fdFe1zx17A2DTo3ITVD5a7oJCTWXD%2BesZgY9OuWwyy3ONArKb16c7WPN9j49YNBQjX9Rqr5dNKVlLNp2FvTUQFnjUtSmyyjGvC8Gvk77TJffpmvIiDV8dZpB5nKJyCsm3oRVODHnfx3v%2B9gOEhdnZWEvsmsZHJfpOkNYA0w0kzTBKLkhkwJswpQENvukp%2BszKtf1G%2F%2Bj7D%2FQ6tGpqSK06uVklb0OL6y3TKdeTWiZ9LEdx1pdxFY0Y0R2igg9J755LlVPy81SIJXHOIGARPYFnnwgtn%2BO5EArlIFYjKFLcPbUhQtAQ%3D%3D","environmentVariables":{"NODE_ENV":"production","FIREBASE_CONFIG":"{\"projectId\":\"pixidesk-4637f\",\"storageBucket\":\"pixidesk-4637f.appspot.com\",\"locationId\":\"asia-south1\"}","GCLOUD_PROJECT":"pixidesk-4637f"},"runtime":"nodejs16","buildId":"e0c00a09-62cb-474b-abe0-c200c99da595","buildName":"projects/170405136857/locations/us-central1/builds/e0c00a09-62cb-474b-abe0-c200c99da595","dockerRegistry":"ARTIFACT_REGISTRY"},"versionId":"18","updateTime":"2022-11-20T19:24:43Z","buildId":"e2f78b69-a268-44d0-ba43-160b5380a798","sourceToken":"06a6d08d-eb7e-45f4-8111-a287f06faae1","buildName":"projects/170405136857/locations/us-central1/builds/e2f78b69-a268-44d0-ba43-160b5380a798"}}
[debug] [2022-11-20T19:27:22.743Z] Got source token 06a6d08d-eb7e-45f4-8111-a287f06faae1 for region us-central1
[debug] [2022-11-20T19:27:32.752Z] [update-default-us-central1-nextServer] Retrying task index 0
[debug] [2022-11-20T19:27:32.752Z] >>> [apiv2][query] GET https://cloudfunctions.googleapis.com/v1/operations/cGl4aWRlc2stNDYzN2YvdXMtY2VudHJhbDEvbmV4dFNlcnZlci9KM1k1cmRrNWVNOA [none]
[debug] [2022-11-20T19:27:33.490Z] <<< [apiv2][status] GET https://cloudfunctions.googleapis.com/v1/operations/cGl4aWRlc2stNDYzN2YvdXMtY2VudHJhbDEvbmV4dFNlcnZlci9KM1k1cmRrNWVNOA 200
[debug] [2022-11-20T19:27:33.490Z] <<< [apiv2][body] GET https://cloudfunctions.googleapis.com/v1/operations/cGl4aWRlc2stNDYzN2YvdXMtY2VudHJhbDEvbmV4dFNlcnZlci9KM1k1cmRrNWVNOA {"name":"operations/cGl4aWRlc2stNDYzN2YvdXMtY2VudHJhbDEvbmV4dFNlcnZlci9KM1k1cmRrNWVNOA","metadata":{"@type":"type.googleapis.com/google.cloud.functions.v1.OperationMetadataV1","target":"projects/pixidesk-4637f/locations/us-central1/functions/nextServer","type":"UPDATE_FUNCTION","request":{"@type":"type.googleapis.com/google.cloud.functions.v1.CloudFunction","name":"projects/pixidesk-4637f/locations/us-central1/functions/nextServer","httpsTrigger":{"url":"https://us-central1-pixidesk-4637f.cloudfunctions.net/nextServer","securityLevel":"SECURE_ALWAYS"},"status":"ACTIVE","entryPoint":"nextServer","updateTime":"2022-11-20T19:16:10.230Z","versionId":"17","labels":{"deployment-tool":"cli-firebase"},"sourceUploadUrl":"https://storage.googleapis.com/uploads-980440230590.us-central1.cloudfunctions.appspot.com/c9ecb077-63e2-42f7-85df-c346a767f37d.zip?GoogleAccessId=service-170405136857@gcf-admin-robot.iam.gserviceaccount.com&Expires=1668974059&Signature=q3PyhCyIuzNNfXQOoGUyE3H1i3RwZ%2B6OZQnB2fdFe1zx17A2DTo3ITVD5a7oJCTWXD%2BesZgY9OuWwyy3ONArKb16c7WPN9j49YNBQjX9Rqr5dNKVlLNp2FvTUQFnjUtSmyyjGvC8Gvk77TJffpmvIiDV8dZpB5nKJyCsm3oRVODHnfx3v%2B9gOEhdnZWEvsmsZHJfpOkNYA0w0kzTBKLkhkwJswpQENvukp%2BszKtf1G%2F%2Bj7D%2FQ6tGpqSK06uVklb0OL6y3TKdeTWiZ9LEdx1pdxFY0Y0R2igg9J755LlVPy81SIJXHOIGARPYFnnwgtn%2BO5EArlIFYjKFLcPbUhQtAQ%3D%3D","environmentVariables":{"NODE_ENV":"production","FIREBASE_CONFIG":"{\"projectId\":\"pixidesk-4637f\",\"storageBucket\":\"pixidesk-4637f.appspot.com\",\"locationId\":\"asia-south1\"}","GCLOUD_PROJECT":"pixidesk-4637f"},"runtime":"nodejs16","buildId":"e0c00a09-62cb-474b-abe0-c200c99da595","buildName":"projects/170405136857/locations/us-central1/builds/e0c00a09-62cb-474b-abe0-c200c99da595","dockerRegistry":"ARTIFACT_REGISTRY"},"versionId":"18","updateTime":"2022-11-20T19:27:28Z","buildId":"e2f78b69-a268-44d0-ba43-160b5380a798","sourceToken":"06a6d08d-eb7e-45f4-8111-a287f06faae1","buildName":"projects/170405136857/locations/us-central1/builds/e2f78b69-a268-44d0-ba43-160b5380a798"},"done":true,"response":{"@type":"type.googleapis.com/google.cloud.functions.v1.CloudFunction","name":"projects/pixidesk-4637f/locations/us-central1/functions/nextServer","httpsTrigger":{"url":"https://us-central1-pixidesk-4637f.cloudfunctions.net/nextServer","securityLevel":"SECURE_ALWAYS"},"status":"ACTIVE","entryPoint":"nextServer","timeout":"60s","availableMemoryMb":256,"serviceAccountEmail":"pixidesk-4637f@appspot.gserviceaccount.com","updateTime":"2022-11-20T19:27:28.324Z","versionId":"18","labels":{"deployment-tool":"cli-firebase"},"sourceUploadUrl":"https://storage.googleapis.com/uploads-980440230590.us-central1.cloudfunctions.appspot.com/c9ecb077-63e2-42f7-85df-c346a767f37d.zip","environmentVariables":{"NODE_ENV":"production","FIREBASE_CONFIG":"{\"projectId\":\"pixidesk-4637f\",\"storageBucket\":\"pixidesk-4637f.appspot.com\",\"locationId\":\"asia-south1\"}","GCLOUD_PROJECT":"pixidesk-4637f"},"runtime":"nodejs16","ingressSettings":"ALLOW_ALL","buildId":"e2f78b69-a268-44d0-ba43-160b5380a798","buildName":"projects/170405136857/locations/us-central1/builds/e2f78b69-a268-44d0-ba43-160b5380a798","dockerRegistry":"ARTIFACT_REGISTRY"}}
[debug] [2022-11-20T19:27:33.490Z] Got source token 06a6d08d-eb7e-45f4-8111-a287f06faae1 for region us-central1
[info] +  functions[nextServer(us-central1)] Successful update operation. 
[debug] [2022-11-20T19:27:33.499Z] Total Function Deployment time: 168947
[debug] [2022-11-20T19:27:33.499Z] 1 Functions Deployed
[debug] [2022-11-20T19:27:33.499Z] 0 Functions Errored
[debug] [2022-11-20T19:27:33.500Z] 0 Function Deployments Aborted
[debug] [2022-11-20T19:27:33.500Z] Average Function Deployment time: 168945
[info] Function URL (nextServer(us-central1)): https://us-central1-pixidesk-4637f.cloudfunctions.net/nextServer
[info] i  functions: cleaning up build files... 
[debug] [2022-11-20T19:27:33.986Z] >>> [apiv2][query] DELETE https://artifactregistry.googleapis.com/v1beta2/projects/pixidesk-4637f/locations/us-central1/repositories/gcf-artifacts/packages/next_server [none]
[debug] [2022-11-20T19:27:33.987Z] >>> [apiv2][query] GET https://us.gcr.io/v2/pixidesk-4637f/gcf/us-central1/tags/list [none]
[debug] [2022-11-20T19:27:35.448Z] <<< [apiv2][status] GET https://us.gcr.io/v2/pixidesk-4637f/gcf/us-central1/tags/list 200
[debug] [2022-11-20T19:27:35.448Z] <<< [apiv2][body] GET https://us.gcr.io/v2/pixidesk-4637f/gcf/us-central1/tags/list {"child":[],"manifest":{},"name":"pixidesk-4637f/gcf/us-central1","tags":[]}
[debug] [2022-11-20T19:27:35.449Z] Could not find image for function projects/pixidesk-4637f/locations/us-central1/functions/nextServer
[debug] [2022-11-20T19:27:36.059Z] <<< [apiv2][status] DELETE https://artifactregistry.googleapis.com/v1beta2/projects/pixidesk-4637f/locations/us-central1/repositories/gcf-artifacts/packages/next_server 200
[debug] [2022-11-20T19:27:36.059Z] <<< [apiv2][body] DELETE https://artifactregistry.googleapis.com/v1beta2/projects/pixidesk-4637f/locations/us-central1/repositories/gcf-artifacts/packages/next_server {"name":"projects/pixidesk-4637f/locations/us-central1/operations/02015afe-d7bb-43df-9524-67124f3e72f9","metadata":{"@type":"type.googleapis.com/google.devtools.artifactregistry.v1beta2.OperationMetadata"}}
[debug] [2022-11-20T19:27:36.059Z] >>> [apiv2][query] GET https://artifactregistry.googleapis.com/v1beta2/projects/pixidesk-4637f/locations/us-central1/operations/02015afe-d7bb-43df-9524-67124f3e72f9 [none]
[debug] [2022-11-20T19:27:37.812Z] <<< [apiv2][status] GET https://artifactregistry.googleapis.com/v1beta2/projects/pixidesk-4637f/locations/us-central1/operations/02015afe-d7bb-43df-9524-67124f3e72f9 200
[debug] [2022-11-20T19:27:37.812Z] <<< [apiv2][body] GET https://artifactregistry.googleapis.com/v1beta2/projects/pixidesk-4637f/locations/us-central1/operations/02015afe-d7bb-43df-9524-67124f3e72f9 {"name":"projects/pixidesk-4637f/locations/us-central1/operations/02015afe-d7bb-43df-9524-67124f3e72f9","metadata":{"@type":"type.googleapis.com/google.devtools.artifactregistry.v1beta2.OperationMetadata"},"done":true,"response":{"@type":"type.googleapis.com/google.protobuf.Empty"}}
[debug] [2022-11-20T19:27:37.812Z] [
  {
    "config": {
      "public": "public",
      "site": "pixidesk-4637f",
      "ignore": [
        "firebase.json",
        "**/.*",
        "**/node_modules/**"
      ],
      "rewrites": [
        {
          "source": "**",
          "function": "nextServer"
        }
      ]
    },
    "site": "pixidesk-4637f",
    "version": "projects/170405136857/sites/pixidesk-4637f/versions/774a28459823ee54"
  }
]
[info] i  hosting[pixidesk-4637f]: finalizing version... 
[debug] [2022-11-20T19:27:37.814Z] >>> [apiv2][query] PATCH https://firebasehosting.googleapis.com/v1beta1/projects/170405136857/sites/pixidesk-4637f/versions/774a28459823ee54 updateMask=status%2Cconfig
[debug] [2022-11-20T19:27:37.814Z] >>> [apiv2][body] PATCH https://firebasehosting.googleapis.com/v1beta1/projects/170405136857/sites/pixidesk-4637f/versions/774a28459823ee54 {"status":"FINALIZED","config":{"rewrites":[{"glob":"**","function":"nextServer","functionRegion":"us-central1"}]}}
[debug] [2022-11-20T19:27:39.268Z] <<< [apiv2][status] PATCH https://firebasehosting.googleapis.com/v1beta1/projects/170405136857/sites/pixidesk-4637f/versions/774a28459823ee54 200
[debug] [2022-11-20T19:27:39.269Z] <<< [apiv2][body] PATCH https://firebasehosting.googleapis.com/v1beta1/projects/170405136857/sites/pixidesk-4637f/versions/774a28459823ee54 {"name":"projects/170405136857/sites/pixidesk-4637f/versions/774a28459823ee54","status":"FINALIZED","config":{"rewrites":[{"functionRegion":"us-central1","glob":"**","function":"nextServer"}]},"labels":{"deployment-tool":"cli-firebase"},"createTime":"2022-11-20T19:24:17.656800Z","createUser":{"email":"rsaurabh221@gmail.com"},"finalizeTime":"2022-11-20T19:27:36.928055Z","finalizeUser":{"email":"rsaurabh221@gmail.com"}}
[debug] [2022-11-20T19:27:39.269Z] [hosting] finalized version for pixidesk-4637f:[object Object]
[info] +  hosting[pixidesk-4637f]: version finalized 
[info] i  hosting[pixidesk-4637f]: releasing new version... 
[debug] [2022-11-20T19:27:39.270Z] >>> [apiv2][query] POST https://firebasehosting.googleapis.com/v1beta1/projects/170405136857/sites/pixidesk-4637f/releases versionName=projects%2F170405136857%2Fsites%2Fpixidesk-4637f%2Fversions%2F774a28459823ee54
[debug] [2022-11-20T19:27:39.270Z] >>> [apiv2][body] POST https://firebasehosting.googleapis.com/v1beta1/projects/170405136857/sites/pixidesk-4637f/releases {"message":null}
[debug] [2022-11-20T19:27:40.815Z] <<< [apiv2][status] POST https://firebasehosting.googleapis.com/v1beta1/projects/170405136857/sites/pixidesk-4637f/releases 200
[debug] [2022-11-20T19:27:40.815Z] <<< [apiv2][body] POST https://firebasehosting.googleapis.com/v1beta1/projects/170405136857/sites/pixidesk-4637f/releases {"name":"projects/170405136857/sites/pixidesk-4637f/releases/1668972457516898","version":{"name":"projects/170405136857/sites/pixidesk-4637f/versions/774a28459823ee54","status":"FINALIZED","config":{"rewrites":[{"functionRegion":"us-central1","glob":"**","function":"nextServer"}]},"labels":{"deployment-tool":"cli-firebase"},"createTime":"2022-11-20T19:24:17.656800Z","createUser":{"email":"rsaurabh221@gmail.com","imageUrl":"https://lh3.googleusercontent.com/a/ALm5wu2j-Ge86CsxQOI_XjIljECO6bmbHR9pEiyMpOBi8w"},"finalizeTime":"2022-11-20T19:27:36.928055Z","finalizeUser":{"email":"rsaurabh221@gmail.com","imageUrl":"https://lh3.googleusercontent.com/a/ALm5wu2j-Ge86CsxQOI_XjIljECO6bmbHR9pEiyMpOBi8w"}},"type":"DEPLOY","releaseTime":"2022-11-20T19:27:37.516898688Z","releaseUser":{"email":"rsaurabh221@gmail.com","imageUrl":"https://lh3.googleusercontent.com/a/ALm5wu2j-Ge86CsxQOI_XjIljECO6bmbHR9pEiyMpOBi8w"}}
[debug] [2022-11-20T19:27:40.815Z] [hosting] release: {"name":"projects/170405136857/sites/pixidesk-4637f/releases/1668972457516898","version":{"name":"projects/170405136857/sites/pixidesk-4637f/versions/774a28459823ee54","status":"FINALIZED","config":{"rewrites":[{"functionRegion":"us-central1","glob":"**","function":"nextServer"}]},"labels":{"deployment-tool":"cli-firebase"},"createTime":"2022-11-20T19:24:17.656800Z","createUser":{"email":"rsaurabh221@gmail.com","imageUrl":"https://lh3.googleusercontent.com/a/ALm5wu2j-Ge86CsxQOI_XjIljECO6bmbHR9pEiyMpOBi8w"},"finalizeTime":"2022-11-20T19:27:36.928055Z","finalizeUser":{"email":"rsaurabh221@gmail.com","imageUrl":"https://lh3.googleusercontent.com/a/ALm5wu2j-Ge86CsxQOI_XjIljECO6bmbHR9pEiyMpOBi8w"}},"type":"DEPLOY","releaseTime":"2022-11-20T19:27:37.516898688Z","releaseUser":{"email":"rsaurabh221@gmail.com","imageUrl":"https://lh3.googleusercontent.com/a/ALm5wu2j-Ge86CsxQOI_XjIljECO6bmbHR9pEiyMpOBi8w"}}
[info] +  hosting[pixidesk-4637f]: release complete 
[info] 
[info] +  Deploy complete! 
[info] 
[info] Project Console: https://console.firebase.google.com/project/pixidesk-4637f/overview
[info] Hosting URL: https://pixidesk-4637f.web.app
[debug] [2022-11-20T19:27:50.464Z] Error: Timed out.
    at Timeout.<anonymous> (C:\Users\Saurabh\AppData\Roaming\npm\node_modules\firebase-tools\lib\utils.js:253:49)
    at listOnTimeout (node:internal/timers:559:17)
    at processTimers (node:internal/timers:502:7)
[error] 
[error] Error: An unexpected error has occurred.
